Log file open, 01/12/18 02:43:06
LogWindows: Failed to load 'aqProf.dll' (GetLastError=126)
LogWindows: File 'aqProf.dll' does not exist
LogWindows: Failed to load 'VtuneApi.dll' (GetLastError=126)
LogWindows: File 'VtuneApi.dll' does not exist
LogWindows: Failed to load 'VtuneApi32e.dll' (GetLastError=126)
LogWindows: File 'VtuneApi32e.dll' does not exist
LogInit: Display: Running engine for game: Ao
LogPlatformFile: Not using cached read wrapper
LogInit: Display: RandInit(280000541) SRandInit(280000542).
LogInit: Read version file with build ID '3709383'
LogInit: Overriding engine version to CL 3794801, compatible CL 3709383
LogInit: Registered custom module enumerator with build ID '3709383'
LogTaskGraph: Started task graph with 5 named threads and 8 total threads with 3 sets of task threads.
LogStats: Stats thread started at 0.428511
LogD3D11RHI: Aftermath initialized
LogModuleManager: Display: Found up-to-date module file ../../../Engine/Plugins/2D/Paper2D/Binaries/Win64/UE4Editor-Paper2D.dll (API version 3709383).
LogModuleManager: Display: Found up-to-date module file ../../../Engine/Plugins/2D/Paper2D/Binaries/Win64/UE4Editor-Paper2DEditor.dll (API version 3709383).
LogModuleManager: Display: Found up-to-date module file ../../../Engine/Plugins/2D/Paper2D/Binaries/Win64/UE4Editor-PaperSpriteSheetImporter.dll (API version 3709383).
LogModuleManager: Display: Found up-to-date module file ../../../Engine/Plugins/2D/Paper2D/Binaries/Win64/UE4Editor-PaperTiledImporter.dll (API version 3709383).
LogModuleManager: Display: Found up-to-date module file ../../../Engine/Plugins/2D/Paper2D/Binaries/Win64/UE4Editor-SmartSnapping.dll (API version 3709383).
LogModuleManager: Display: Found up-to-date module file ../../../Engine/Plugins/Blendables/LightPropagationVolume/Binaries/Win64/UE4Editor-LightPropagationVolumeRuntime.dll (API version 3709383).
LogModuleManager: Display: Found up-to-date module file ../../../Engine/Plugins/Blendables/LightPropagationVolume/Binaries/Win64/UE4Editor-LightPropagationVolumeEditor.dll (API version 3709383).
LogModuleManager: Display: Found up-to-date module file ../../../Engine/Plugins/Developer/GitSourceControl/Binaries/Win64/UE4Editor-GitSourceControl.dll (API version 3709383).
LogModuleManager: Display: Found up-to-date module file ../../../Engine/Plugins/Developer/PerforceSourceControl/Binaries/Win64/UE4Editor-PerforceSourceControl.dll (API version 3709383).
LogModuleManager: Display: Found up-to-date module file ../../../Engine/Plugins/Developer/SubversionSourceControl/Binaries/Win64/UE4Editor-SubversionSourceControl.dll (API version 3709383).
LogModuleManager: Display: Found up-to-date module file ../../../Engine/Plugins/Developer/UObjectPlugin/Binaries/Win64/UE4Editor-UObjectPlugin.dll (API version 3709383).
LogModuleManager: Display: Found up-to-date module file ../../../Engine/Plugins/Developer/VisualStudioCodeSourceCodeAccess/Binaries/Win64/UE4Editor-VisualStudioCodeSourceCodeAccess.dll (API version 3709383).
LogModuleManager: Display: Found up-to-date module file ../../../Engine/Plugins/Developer/VisualStudioSourceCodeAccess/Binaries/Win64/UE4Editor-VisualStudioSourceCodeAccess.dll (API version 3709383).
LogModuleManager: Display: Found up-to-date module file ../../../Engine/Plugins/Editor/AssetManagerEditor/Binaries/Win64/UE4Editor-AssetManagerEditor.dll (API version 3709383).
LogModuleManager: Display: Found up-to-date module file ../../../Engine/Plugins/Editor/AudioCapture/Binaries/Win64/UE4Editor-AudioCapture.dll (API version 3709383).
LogModuleManager: Display: Found up-to-date module file ../../../Engine/Plugins/Editor/FacialAnimation/Binaries/Win64/UE4Editor-FacialAnimation.dll (API version 3709383).
LogModuleManager: Display: Found up-to-date module file ../../../Engine/Plugins/Editor/FacialAnimation/Binaries/Win64/UE4Editor-FacialAnimationEditor.dll (API version 3709383).
LogModuleManager: Display: Found up-to-date module file ../../../Engine/Plugins/Editor/GameplayTagsEditor/Binaries/Win64/UE4Editor-GameplayTagsEditor.dll (API version 3709383).
LogModuleManager: Display: Found up-to-date module file ../../../Engine/Plugins/Editor/MobileLauncherProfileWizard/Binaries/Win64/UE4Editor-MobileLauncherProfileWizard.dll (API version 3709383).
LogModuleManager: Display: Found up-to-date module file ../../../Engine/Plugins/Editor/PluginBrowser/Binaries/Win64/UE4Editor-PluginBrowser.dll (API version 3709383).
LogModuleManager: Display: Found up-to-date module file ../../../Engine/Plugins/Editor/SpeedTreeImporter/Binaries/Win64/UE4Editor-SpeedTreeImporter.dll (API version 3709383).
LogModuleManager: Display: Found up-to-date module file ../../../Engine/Plugins/Experimental/AlembicImporter/Binaries/Win64/UE4Editor-AlembicImporter.dll (API version 3709383).
LogModuleManager: Display: Found up-to-date module file ../../../Engine/Plugins/Experimental/AlembicImporter/Binaries/Win64/UE4Editor-AlembicLibrary.dll (API version 3709383).
LogModuleManager: Display: Found up-to-date module file ../../../Engine/Plugins/Experimental/CharacterAI/Binaries/Win64/UE4Editor-CharacterAI.dll (API version 3709383).
LogModuleManager: Display: Found up-to-date module file ../../../Engine/Plugins/Experimental/HTML5Networking/Binaries/Win64/UE4Editor-HTML5Networking.dll (API version 3709383).
LogModuleManager: Display: Found up-to-date module file ../../../Engine/Plugins/Media/AndroidMedia/Binaries/Win64/UE4Editor-AndroidMediaEditor.dll (API version 3709383).
LogModuleManager: Display: Found up-to-date module file ../../../Engine/Plugins/Media/AndroidMedia/Binaries/Win64/UE4Editor-AndroidMediaFactory.dll (API version 3709383).
LogModuleManager: Display: Found up-to-date module file ../../../Engine/Plugins/Media/AvfMedia/Binaries/Win64/UE4Editor-AvfMediaEditor.dll (API version 3709383).
LogModuleManager: Display: Found up-to-date module file ../../../Engine/Plugins/Media/AvfMedia/Binaries/Win64/UE4Editor-AvfMediaFactory.dll (API version 3709383).
LogModuleManager: Display: Found up-to-date module file ../../../Engine/Plugins/Media/AvfMedia/Binaries/Win64/UE4Editor-AvfMediaFactory.dll (API version 3709383).
LogModuleManager: Display: Found up-to-date module file ../../../Engine/Plugins/Media/ImgMedia/Binaries/Win64/UE4Editor-ImgMedia.dll (API version 3709383).
LogModuleManager: Display: Found up-to-date module file ../../../Engine/Plugins/Media/ImgMedia/Binaries/Win64/UE4Editor-ImgMediaEditor.dll (API version 3709383).
LogModuleManager: Display: Found up-to-date module file ../../../Engine/Plugins/Media/ImgMedia/Binaries/Win64/UE4Editor-ImgMediaFactory.dll (API version 3709383).
LogModuleManager: Display: Found up-to-date module file ../../../Engine/Plugins/Media/ImgMedia/Binaries/Win64/UE4Editor-ImgMediaFactory.dll (API version 3709383).
LogModuleManager: Display: Found up-to-date module file ../../../Engine/Plugins/Media/ImgMedia/Binaries/Win64/UE4Editor-OpenExrWrapper.dll (API version 3709383).
LogModuleManager: Display: Found up-to-date module file ../../../Engine/Plugins/Media/MediaCompositing/Binaries/Win64/UE4Editor-MediaCompositing.dll (API version 3709383).
LogModuleManager: Display: Found up-to-date module file ../../../Engine/Plugins/Media/MediaCompositing/Binaries/Win64/UE4Editor-MediaCompositingEditor.dll (API version 3709383).
LogModuleManager: Display: Found up-to-date module file ../../../Engine/Plugins/Media/MediaPlayerEditor/Binaries/Win64/UE4Editor-MediaPlayerEditor.dll (API version 3709383).
LogModuleManager: Display: Found up-to-date module file ../../../Engine/Plugins/Media/WmfMedia/Binaries/Win64/UE4Editor-WmfMedia.dll (API version 3709383).
LogModuleManager: Display: Found up-to-date module file ../../../Engine/Plugins/Media/WmfMedia/Binaries/Win64/UE4Editor-WmfMediaEditor.dll (API version 3709383).
LogModuleManager: Display: Found up-to-date module file ../../../Engine/Plugins/Media/WmfMedia/Binaries/Win64/UE4Editor-WmfMediaFactory.dll (API version 3709383).
LogModuleManager: Display: Found up-to-date module file ../../../Engine/Plugins/Media/WmfMedia/Binaries/Win64/UE4Editor-WmfMediaFactory.dll (API version 3709383).
LogModuleManager: Display: Found up-to-date module file ../../../Engine/Plugins/Messaging/TcpMessaging/Binaries/Win64/UE4Editor-TcpMessaging.dll (API version 3709383).
LogModuleManager: Display: Found up-to-date module file ../../../Engine/Plugins/Messaging/UdpMessaging/Binaries/Win64/UE4Editor-UdpMessaging.dll (API version 3709383).
LogModuleManager: Display: Found up-to-date module file ../../../Engine/Plugins/MovieScene/ActorSequence/Binaries/Win64/UE4Editor-ActorSequence.dll (API version 3709383).
LogModuleManager: Display: Found up-to-date module file ../../../Engine/Plugins/MovieScene/LevelSequenceEditor/Binaries/Win64/UE4Editor-LevelSequenceEditor.dll (API version 3709383).
LogModuleManager: Display: Found up-to-date module file ../../../Engine/Plugins/MovieScene/MatineeToLevelSequence/Binaries/Win64/UE4Editor-MatineeToLevelSequence.dll (API version 3709383).
LogModuleManager: Display: Found up-to-date module file ../../../Engine/Plugins/Online/OnlineSubsystem/Binaries/Win64/UE4Editor-OnlineSubsystem.dll (API version 3709383).
LogModuleManager: Display: Found up-to-date module file ../../../Engine/Plugins/Runtime/AndroidPermission/Binaries/Win64/UE4Editor-AndroidPermission.dll (API version 3709383).
LogModuleManager: Display: Found up-to-date module file ../../../Engine/Plugins/Online/OnlineSubsystemNull/Binaries/Win64/UE4Editor-OnlineSubsystemNull.dll (API version 3709383).
LogModuleManager: Display: Found up-to-date module file ../../../Engine/Plugins/Online/OnlineSubsystemUtils/Binaries/Win64/UE4Editor-OnlineSubsystemUtils.dll (API version 3709383).
LogModuleManager: Display: Found up-to-date module file ../../../Engine/Plugins/Online/OnlineSubsystemUtils/Binaries/Win64/UE4Editor-OnlineBlueprintSupport.dll (API version 3709383).
LogModuleManager: Display: Found up-to-date module file ../../../Engine/Plugins/Runtime/AndroidDeviceProfileSelector/Binaries/Win64/UE4Editor-AndroidDeviceProfileSelector.dll (API version 3709383).
LogModuleManager: Display: Found up-to-date module file ../../../Engine/Plugins/Runtime/AppleARKit/Binaries/Win64/UE4Editor-AppleARKit.dll (API version 3709383).
LogModuleManager: Display: Found up-to-date module file ../../../Engine/Plugins/Runtime/ArchVisCharacter/Binaries/Win64/UE4Editor-ArchVisCharacter.dll (API version 3709383).
LogModuleManager: Display: Found up-to-date module file ../../../Engine/Plugins/Runtime/CableComponent/Binaries/Win64/UE4Editor-CableComponent.dll (API version 3709383).
LogModuleManager: Display: Found up-to-date module file ../../../Engine/Plugins/Runtime/CustomMeshComponent/Binaries/Win64/UE4Editor-CustomMeshComponent.dll (API version 3709383).
LogModuleManager: Display: Found up-to-date module file ../../../Engine/Plugins/Runtime/ExampleDeviceProfileSelector/Binaries/Win64/UE4Editor-ExampleDeviceProfileSelector.dll (API version 3709383).
LogModuleManager: Display: Found up-to-date module file ../../../Engine/Plugins/Runtime/ImmediatePhysics/Binaries/Win64/UE4Editor-ImmediatePhysics.dll (API version 3709383).
LogModuleManager: Display: Found up-to-date module file ../../../Engine/Plugins/Runtime/ImmediatePhysics/Binaries/Win64/UE4Editor-ImmediatePhysicsEditor.dll (API version 3709383).
LogModuleManager: Display: Found up-to-date module file ../../../Engine/Plugins/Runtime/LocationServicesBPLibrary/Binaries/Win64/UE4Editor-LocationServicesBPLibrary.dll (API version 3709383).
LogModuleManager: Display: Found up-to-date module file ../../../Engine/Plugins/Runtime/MobilePatchingUtils/Binaries/Win64/UE4Editor-MobilePatchingUtils.dll (API version 3709383).
LogModuleManager: Display: Found up-to-date module file ../../../Engine/Plugins/Runtime/Oculus/OculusVR/Binaries/Win64/UE4Editor-OculusHMD.dll (API version 3709383).
LogModuleManager: Display: Found up-to-date module file ../../../Engine/Plugins/Runtime/Oculus/OculusVR/Binaries/Win64/UE4Editor-OculusInput.dll (API version 3709383).
LogModuleManager: Display: Found up-to-date module file ../../../Engine/Plugins/Runtime/Oculus/OculusVR/Binaries/Win64/UE4Editor-OculusEditor.dll (API version 3709383).
LogModuleManager: Display: Found up-to-date module file ../../../Engine/Plugins/Runtime/PhysXVehicles/Binaries/Win64/UE4Editor-PhysXVehicles.dll (API version 3709383).
LogModuleManager: Display: Found up-to-date module file ../../../Engine/Plugins/Runtime/PhysXVehicles/Binaries/Win64/UE4Editor-PhysXVehiclesEditor.dll (API version 3709383).
LogModuleManager: Display: Found up-to-date module file ../../../Engine/Plugins/Runtime/ProceduralMeshComponent/Binaries/Win64/UE4Editor-ProceduralMeshComponent.dll (API version 3709383).
LogModuleManager: Display: Found up-to-date module file ../../../Engine/Plugins/Runtime/ProceduralMeshComponent/Binaries/Win64/UE4Editor-ProceduralMeshComponentEditor.dll (API version 3709383).
LogModuleManager: Display: Found up-to-date module file ../../../Engine/Plugins/Runtime/RuntimePhysXCooking/Binaries/Win64/UE4Editor-RuntimePhysXCooking.dll (API version 3709383).
LogModuleManager: Display: Found up-to-date module file ../../../Engine/Plugins/Runtime/Steam/SteamVR/Binaries/Win64/UE4Editor-SteamVR.dll (API version 3709383).
LogModuleManager: Display: Found up-to-date module file ../../../Engine/Plugins/Runtime/Steam/SteamVR/Binaries/Win64/UE4Editor-SteamVRController.dll (API version 3709383).
LogModuleManager: Display: Found up-to-date module file ../../../Engine/Plugins/Runtime/WindowsMoviePlayer/Binaries/Win64/UE4Editor-WindowsMoviePlayer.dll (API version 3709383).
LogPluginManager: Mounting plugin Paper2D
LogPluginManager: Mounting plugin LightPropagationVolume
LogPluginManager: Mounting plugin CodeLiteSourceCodeAccess
LogPluginManager: Mounting plugin GitSourceControl
LogPluginManager: Mounting plugin KDevelopSourceCodeAccess
LogPluginManager: Mounting plugin NullSourceCodeAccess
LogPluginManager: Mounting plugin PerforceSourceControl
LogPluginManager: Mounting plugin SubversionSourceControl
LogPluginManager: Mounting plugin UObjectPlugin
LogPluginManager: Mounting plugin VisualStudioCodeSourceCodeAccess
LogPluginManager: Mounting plugin VisualStudioSourceCodeAccess
LogPluginManager: Mounting plugin XCodeSourceCodeAccess
LogPluginManager: Mounting plugin AssetManagerEditor
LogPluginManager: Mounting plugin AudioCapture
LogPluginManager: Mounting plugin FacialAnimation
LogPluginManager: Mounting plugin GameplayTagsEditor
LogPluginManager: Mounting plugin MobileLauncherProfileWizard
LogPluginManager: Mounting plugin PluginBrowser
LogPluginManager: Mounting plugin SpeedTreeImporter
LogPluginManager: Mounting plugin AlembicImporter
LogPluginManager: Mounting plugin CharacterAI
LogPluginManager: Mounting plugin HTML5Networking
LogPluginManager: Mounting plugin AndroidMedia
LogPluginManager: Mounting plugin AvfMedia
LogPluginManager: Mounting plugin ImgMedia
LogPluginManager: Mounting plugin MediaCompositing
LogPluginManager: Mounting plugin MediaPlayerEditor
LogPluginManager: Mounting plugin WmfMedia
LogPluginManager: Mounting plugin TcpMessaging
LogPluginManager: Mounting plugin UdpMessaging
LogPluginManager: Mounting plugin ActorSequence
LogPluginManager: Mounting plugin LevelSequenceEditor
LogPluginManager: Mounting plugin MatineeToLevelSequence
LogPluginManager: Mounting plugin OnlineSubsystemGooglePlay
LogPluginManager: Mounting plugin OnlineSubsystemIOS
LogPluginManager: Mounting plugin OnlineSubsystem
LogPluginManager: Mounting plugin OnlineSubsystemNull
LogPluginManager: Mounting plugin OnlineSubsystemUtils
LogPluginManager: Mounting plugin AndroidDeviceProfileSelector
LogPluginManager: Mounting plugin AndroidMoviePlayer
LogPluginManager: Mounting plugin AndroidPermission
LogPluginManager: Mounting plugin AppleARKit
LogPluginManager: Mounting plugin AppleMoviePlayer
LogPluginManager: Mounting plugin ArchVisCharacter
LogPluginManager: Mounting plugin CableComponent
LogPluginManager: Mounting plugin CustomMeshComponent
LogPluginManager: Mounting plugin ExampleDeviceProfileSelector
LogPluginManager: Mounting plugin GoogleCloudMessaging
LogPluginManager: Mounting plugin ImmediatePhysics
LogPluginManager: Mounting plugin IOSDeviceProfileSelector
LogPluginManager: Mounting plugin LinuxDeviceProfileSelector
LogPluginManager: Mounting plugin LocationServicesBPLibrary
LogPluginManager: Mounting plugin MobilePatchingUtils
LogPluginManager: Mounting plugin OculusVR
LogPluginManager: Plugin shader directory ../../../Engine/Plugins/Runtime/Oculus/OculusVR/Shaders found
LogPluginManager: Mapping shader source directory ../../../Engine/Plugins/Runtime/Oculus/OculusVR/Shaders to virtual directory /Plugin/OculusVR
LogPluginManager: Mounting plugin PhysXVehicles
LogPluginManager: Mounting plugin ProceduralMeshComponent
LogPluginManager: Mounting plugin RuntimePhysXCooking
LogPluginManager: Mounting plugin SteamVR
LogPluginManager: Mounting plugin WindowsMoviePlayer
LogInit: Using libcurl 7.47.1
LogInit:  - built for x86_64-pc-win32
LogInit:  - supports SSL with OpenSSL/1.0.2g
LogInit:  - supports HTTP deflate (compression) using libz 1.2.8
LogInit:  - other features:
LogInit:      CURL_VERSION_SSL
LogInit:      CURL_VERSION_LIBZ
LogInit:      CURL_VERSION_IPV6
LogInit:      CURL_VERSION_ASYNCHDNS
LogInit:      CURL_VERSION_LARGEFILE
LogInit:      CURL_VERSION_IDN
LogInit:  CurlRequestOptions (configurable via config and command line):
LogInit:  - bVerifyPeer = false  - Libcurl will NOT verify peer certificate
LogInit:  - bUseHttpProxy = false  - Libcurl will NOT use HTTP proxy
LogInit:  - bDontReuseConnections = false  - Libcurl will reuse connections
LogInit:  - CertBundlePath = nullptr  - Libcurl will use whatever was configured at build time.
LogInit: Build: ++UE4+Release-4.18-CL-3794801
LogInit: Engine Version: 4.18.2-3794801+++UE4+Release-4.18
LogInit: Compatible Engine Version: 4.18.0-3709383+++UE4+Release-4.18
LogInit: Net CL: 3709383
LogDevObjectVersion: Number of dev versions registered: 16
LogDevObjectVersion:   Dev-Blueprints (B0D832E4-1F89-4F0D-ACCF-7EB736FD4AA2): 10
LogDevObjectVersion:   Dev-Build (E1C64328-A22C-4D53-A36C-8E866417BD8C): 0
LogDevObjectVersion:   Dev-Core (375EC13C-06E4-48FB-B500-84F0262A717E): 2
LogDevObjectVersion:   Dev-Editor (E4B068ED-F494-42E9-A231-DA0B2E46BB41): 20
LogDevObjectVersion:   Dev-Framework (CFFC743F-43B0-4480-9391-14DF171D2073): 30
LogDevObjectVersion:   Dev-Mobile (B02B49B5-BB20-44E9-A304-32B752E40360): 0
LogDevObjectVersion:   Dev-Networking (A4E4105C-59A1-49B5-A7C5-40C4547EDFEE): 0
LogDevObjectVersion:   Dev-Online (39C831C9-5AE6-47DC-9A44-9C173E1C8E7C): 0
LogDevObjectVersion:   Dev-Physics (78F01B33-EBEA-4F98-B9B4-84EACCB95AA2): 0
LogDevObjectVersion:   Dev-Platform (6631380F-2D4D-43E0-8009-CF276956A95A): 0
LogDevObjectVersion:   Dev-Rendering (12F88B9F-8875-4AFC-A67C-D90C383ABD29): 20
LogDevObjectVersion:   Dev-Sequencer (7B5AE74C-D270-4C10-A958-57980B212A5A): 4
LogDevObjectVersion:   Dev-VR (D7296918-1DD6-4BDD-9DE2-64A83CC13884): 0
LogDevObjectVersion:   Dev-LoadTimes (C2A15278-BFE7-4AFE-6C17-90FF531DF755): 1
LogDevObjectVersion:   Private-Geometry (6EACA3D4-40EC-4CC1-B786-8BED09428FC5): 1
LogDevObjectVersion:   Dev-AnimPhys (29E575DD-E0A3-4627-9D10-D276232CDCEA): 12
LogInit: Compiled (64-bit): Dec  8 2017 02:04:53
LogInit: Compiled with Visual C++: 19.00.24215.01
LogInit: Build Configuration: Development
LogInit: Branch Name: ++UE4+Release-4.18
LogInit: Command line:  
LogInit: Base directory: C:/Program Files/Epic Games/UE_4.18/Engine/Binaries/Win64/
LogInit: Installed Engine Build: 1
LogInit: Presizing for max 8388607 objects, including 0 objects not considered by GC, pre-allocating 0 bytes for permanent pool.
LogInit: Object subsystem initialized
[2018.01.12-01.43.12:391][  0]LogInit: Selected Device Profile: [Windows]
[2018.01.12-01.43.12:391][  0]LogInit: Applying CVar settings loaded from the selected device profile: [Windows]
[2018.01.12-01.43.12:534][  0]LogInit: Computer: DESKTOP-DM246LS
[2018.01.12-01.43.12:534][  0]LogInit: User: ThomasLamson
[2018.01.12-01.43.12:534][  0]LogInit: CPU Page size=4096, Cores=2
[2018.01.12-01.43.12:535][  0]LogInit: High frequency timer resolution =2.435872 MHz
[2018.01.12-01.43.12:536][  0]LogMemory: Memory total: Physical=7.9GB (8GB approx)
[2018.01.12-01.43.12:536][  0]LogMemory: Platform Memory Stats for Windows
[2018.01.12-01.43.12:536][  0]LogMemory: Process Physical Memory: 271.15 MB used, 271.15 MB peak
[2018.01.12-01.43.12:536][  0]LogMemory: Process Virtual Memory: 269.05 MB used, 269.05 MB peak
[2018.01.12-01.43.12:536][  0]LogMemory: Physical Memory: 3777.44 MB used,  4300.10 MB free, 8077.54 MB total
[2018.01.12-01.43.12:536][  0]LogMemory: Virtual Memory: 640.35 MB used,  4300.10 MB free, 134217728.00 MB total
[2018.01.12-01.43.13:540][  0]LogInit: Using OS detected language (fr-FR).
[2018.01.12-01.43.13:540][  0]LogInit: Using OS detected locale (fr-FR).
[2018.01.12-01.43.13:775][  0]LogTextLocalizationManager: No localization for 'fr-FR' exists, so 'en' will be used for the language.
[2018.01.12-01.43.13:777][  0]LogTextLocalizationManager: No localization for 'fr-FR' exists, so 'en' will be used for the locale.
[2018.01.12-01.43.15:751][  0]LogInit: Setting process to per monitor DPI aware
[2018.01.12-01.43.18:989][  0]LogD3D11RHI: D3D11 adapters:
[2018.01.12-01.43.19:089][  0]LogD3D11RHI:    0. 'NVIDIA GeForce GT 740M' (Feature Level 11_0)
[2018.01.12-01.43.19:089][  0]LogD3D11RHI:       2019/0/4038 MB DedicatedVideo/DedicatedSystem/SharedSystem, Outputs:1, VendorId:0x10de
[2018.01.12-01.43.19:104][  0]LogD3D11RHI:    1. 'Intel(R) HD Graphics 4000' (Feature Level 11_0)
[2018.01.12-01.43.19:104][  0]LogD3D11RHI:       32/0/1760 MB DedicatedVideo/DedicatedSystem/SharedSystem, Outputs:0, VendorId:0x8086
[2018.01.12-01.43.19:111][  0]LogD3D11RHI:    2. 'Microsoft Basic Render Driver' (Feature Level 11_0)
[2018.01.12-01.43.19:111][  0]LogD3D11RHI:       0/0/4038 MB DedicatedVideo/DedicatedSystem/SharedSystem, Outputs:0, VendorId:0x1414
[2018.01.12-01.43.19:112][  0]LogD3D11RHI: Chosen D3D11 Adapter: 0
[2018.01.12-01.43.19:135][  0]LogD3D11RHI: Creating new Direct3DDevice
[2018.01.12-01.43.19:136][  0]LogD3D11RHI:     GPU DeviceId: 0xfdf (for the marketing name, search the web for "GPU Device Id")
[2018.01.12-01.43.19:136][  0]LogWindows: EnumDisplayDevices:
[2018.01.12-01.43.19:136][  0]LogWindows:    0. 'Intel(R) HD Graphics 4000' (P:1 D:1)
[2018.01.12-01.43.19:138][  0]LogWindows:    1. 'Intel(R) HD Graphics 4000' (P:0 D:0)
[2018.01.12-01.43.19:139][  0]LogWindows:    2. 'Intel(R) HD Graphics 4000' (P:0 D:0)
[2018.01.12-01.43.19:140][  0]LogWindows: DebugString: PrimaryIsNotTheChoosenAdapter PrimaryIsNotTheChoosenAdapter PrimaryIsNotTheChoosenAdapter FoundDriverCount:0 
[2018.01.12-01.43.19:140][  0]LogD3D11RHI:     Adapter Name: NVIDIA GeForce GT 740M
[2018.01.12-01.43.19:141][  0]LogD3D11RHI:   Driver Version: Unknown (internal:Unknown, unified:Unknown)
[2018.01.12-01.43.19:141][  0]LogD3D11RHI:      Driver Date: Unknown
[2018.01.12-01.43.19:141][  0]LogRHI: Texture pool is 1413 MB (70% of 2019 MB)
[2018.01.12-01.43.19:219][  0]LogD3D11RHI: Async texture creation enabled
[2018.01.12-01.43.19:254][  0]LogD3D11RHI: GPU Timing Frequency: 1000.000000 (Debug: 2 1)
[2018.01.12-01.43.19:258][  0]LogShaderCompilers: Guid format shader working directory is -12 characters bigger than the processId version (../../../../../../Users/Thomas Lamson/Documents/Unreal Projects/Ao/Intermediate/Shaders/WorkingDirectory/3828/).
[2018.01.12-01.43.19:258][  0]LogShaderCompilers: Cleaned the shader compiler working directory 'C:/Users/Thomas Lamson/AppData/Local/Temp/UnrealShaderWorkingDir/EF2E951442C1066697F7B98906399A8F/'.
[2018.01.12-01.43.19:258][  0]LogShaderCompilers: Display: Using Local Shader Compiler.
[2018.01.12-01.43.24:465][  0]LogTemp: Display: Loaded TP AllDesktopTargetPlatform
[2018.01.12-01.43.24:703][  0]LogTemp: Display: Loaded TP MacClientTargetPlatform
[2018.01.12-01.43.24:979][  0]LogTemp: Display: Loaded TP MacNoEditorTargetPlatform
[2018.01.12-01.43.25:410][  0]LogTemp: Display: Loaded TP MacServerTargetPlatform
[2018.01.12-01.43.25:790][  0]LogTemp: Display: Loaded TP MacTargetPlatform
[2018.01.12-01.43.26:071][  0]LogTemp: Display: Loaded TP WindowsClientTargetPlatform
[2018.01.12-01.43.26:434][  0]LogTemp: Display: Loaded TP WindowsNoEditorTargetPlatform
[2018.01.12-01.43.26:863][  0]LogTemp: Display: Loaded TP WindowsServerTargetPlatform
[2018.01.12-01.43.27:160][  0]LogTemp: Display: Loaded TP WindowsTargetPlatform
[2018.01.12-01.43.27:606][  0]LogTemp: Display: Loaded TP Android_ASTCTargetPlatform
[2018.01.12-01.43.28:078][  0]LogTemp: Display: Loaded TP Android_ATCTargetPlatform
[2018.01.12-01.43.28:438][  0]LogTemp: Display: Loaded TP Android_DXTTargetPlatform
[2018.01.12-01.43.28:788][  0]LogTemp: Display: Loaded TP Android_ETC1TargetPlatform
[2018.01.12-01.43.29:112][  0]LogTemp: Display: Loaded TP Android_ETC2TargetPlatform
[2018.01.12-01.43.29:582][  0]LogTemp: Display: Loaded TP Android_MultiTargetPlatform
[2018.01.12-01.43.29:582][  0]LogTemp: Display: Loaded TP Android_PVRTCTargetPlatform
[2018.01.12-01.43.29:808][  0]LogTemp: Display: Loaded TP AndroidTargetPlatform
[2018.01.12-01.43.30:019][  0]LogTemp: Display: Loaded TP HTML5TargetPlatform
[2018.01.12-01.43.30:508][  0]LogTemp: Display: Loaded TP IOSTargetPlatform
[2018.01.12-01.43.30:727][  0]LogTemp: Display: Loaded TP TVOSTargetPlatform
[2018.01.12-01.43.31:099][  0]LogTemp: Display: Loaded TP LinuxClientTargetPlatform
[2018.01.12-01.43.31:449][  0]LogTemp: Display: Loaded TP LinuxNoEditorTargetPlatform
[2018.01.12-01.43.31:791][  0]LogTemp: Display: Loaded TP LinuxServerTargetPlatform
[2018.01.12-01.43.32:153][  0]LogTemp: Display: Loaded TP LinuxTargetPlatform
[2018.01.12-01.43.32:154][  0]LogTargetPlatformManager: Display: Building Assets For Windows
[2018.01.12-01.43.35:512][  0]LogDerivedDataCache: Display: Max Cache Size: 512 MB
[2018.01.12-01.43.35:861][  0]LogDerivedDataCache: Loaded boot cache 0.35s 78MB C:/Users/Thomas Lamson/AppData/Local/UnrealEngine/4.18/DerivedDataCache/Boot.ddc.
[2018.01.12-01.43.35:861][  0]LogDerivedDataCache: Display: Loaded Boot cache: C:/Users/Thomas Lamson/AppData/Local/UnrealEngine/4.18/DerivedDataCache/Boot.ddc
[2018.01.12-01.43.35:861][  0]LogDerivedDataCache: FDerivedDataBackendGraph:  Pak pak cache file ../../../../../../Users/Thomas Lamson/Documents/Unreal Projects/Ao/DerivedDataCache/DDC.ddp not found, will not use a pak cache.
[2018.01.12-01.43.35:861][  0]LogDerivedDataCache: Unable to find inner node Pak for hierarchical cache Hierarchy.
[2018.01.12-01.43.35:862][  0]LogDerivedDataCache: FDerivedDataBackendGraph:  CompressedPak pak cache file ../../../../../../Users/Thomas Lamson/Documents/Unreal Projects/Ao/DerivedDataCache/Compressed.ddp not found, will not use a pak cache.
[2018.01.12-01.43.35:862][  0]LogDerivedDataCache: Unable to find inner node CompressedPak for hierarchical cache Hierarchy.
[2018.01.12-01.43.35:954][  0]LogDerivedDataCache: Display: Pak cache opened for reading ../../../Engine/DerivedDataCache/Compressed.ddp.
[2018.01.12-01.43.35:970][  0]LogDerivedDataCache: Using Local data cache path C:/Users/Thomas Lamson/AppData/Local/UnrealEngine/Common/DerivedDataCache: Writable
[2018.01.12-01.43.36:027][  0]LogMaterial: Verifying Global Shaders for PCD3D_SM5
[2018.01.12-01.43.36:028][  0]LogSlate: Using Freetype 2.6.0
[2018.01.12-01.43.36:031][  0]LogSlate: SlateFontCache - WITH_FREETYPE: 1, WITH_HARFBUZZ: 1
[2018.01.12-01.43.36:031][  0]LogSlate: SlateFontCache - WITH_FREETYPE: 1, WITH_HARFBUZZ: 1
[2018.01.12-01.43.38:123][  0]LogInit: Selected Device Profile: [Windows]
[2018.01.12-01.43.40:338][  0]LogSimplygon: Simplygon DLL not present - disabling.
[2018.01.12-01.43.40:651][  0]LogMeshReduction: Using SimplygonSwarm for distributed automatic mesh merging
[2018.01.12-01.43.40:651][  0]LogMeshReduction: Using QuadricMeshReduction for automatic static mesh reduction
[2018.01.12-01.43.40:651][  0]LogMeshReduction: No automatic skeletal mesh reduction module available
[2018.01.12-01.43.40:651][  0]LogMeshReduction: No automatic mesh merging module available
[2018.01.12-01.43.40:652][  0]LogMeshMerging: No automatic mesh merging module available
[2018.01.12-01.43.40:815][  0]LogNetVersion: Ao , NetCL: 3709383, EngineNetVer: 2, GameNetVer: 0 (Checksum: 2840376574)
[2018.01.12-01.43.41:729][  0]LogAssetRegistry: FAssetRegistry took 0.0514 seconds to start up
[2018.01.12-01.43.44:370][  0]LogPackageLocalizationCache: Processed 7 localized package path(s) for 1 prioritized culture(s) in 0.175945 seconds
[2018.01.12-01.43.44:395][  0]LogUObjectArray: 35900 objects as part of root set at end of initial load.
[2018.01.12-01.43.44:395][  0]LogUObjectAllocator: 7372024 out of 0 bytes used by permanent object pool.
[2018.01.12-01.43.44:395][  0]LogUObjectArray: CloseDisregardForGC: 0/0 objects in disregard for GC pool
[2018.01.12-01.43.44:758][  0]LogInit: WinSock: version 1.1 (2.2), MaxSocks=32767, MaxUdp=65467
[2018.01.12-01.44.13:557][  0]LogTcpMessaging: Initializing TcpMessaging bridge
[2018.01.12-01.44.13:726][  0]LogUdpMessaging: Initializing bridge on interface 0.0.0.0:0 to multicast group 230.0.0.1:6666.
[2018.01.12-01.44.18:321][  0]LogMaterial: Uniform references updated for custom material expression Custom.
[2018.01.12-01.44.21:631][  0]SourceControl: Source control is disabled
[2018.01.12-01.44.21:632][  0]SourceControl: Source control is disabled
[2018.01.12-01.44.21:912][  0]SourceControl: Source control is disabled
[2018.01.12-01.44.22:262][  0]SourceControl: Source control is disabled
[2018.01.12-01.44.28:101][  0]LogAndroidPermission: UAndroidPermissionCallbackProxy::GetInstance
[2018.01.12-01.44.29:775][  0]LogOcInput: OculusInput pre-init called
[2018.01.12-01.44.31:162][  0]LogEngine: Initializing Engine...
[2018.01.12-01.44.31:172][  0]LogHMD: Failed to initialize OpenVR with code 110
[2018.01.12-01.44.32:562][  0]LogStats: UGameplayTagsManager::ConstructGameplayTagTree: Construct from data asset -  0.000 s
[2018.01.12-01.44.32:562][  0]LogStats: UGameplayTagsManager::ConstructGameplayTagTree: GameplayTagTreeChangedEvent.Broadcast -  0.000 s
[2018.01.12-01.44.33:165][  0]LogAIModule: Creating AISystem for world Untitled
[2018.01.12-01.44.33:186][  0]LogInit: XAudio2 using 'Haut-parleurs (Realtek High Definition Audio)' : 2 channels at 48 kHz using 32 bits per sample (channel mask 0x3)
[2018.01.12-01.44.33:397][  0]LogInit: FAudioDevice initialized.
[2018.01.12-01.44.33:434][  0]LogDerivedDataCache: Error: Could not save memory cache C:/Users/Thomas Lamson/AppData/Local/UnrealEngine/4.18/DerivedDataCache/Boot.ddc.
[2018.01.12-01.44.33:478][  0]LogInit: Texture streaming: Enabled
[2018.01.12-01.44.34:225][  0]LogEngineSessionManager: EngineSessionManager initialized
[2018.01.12-01.44.35:063][  0]LogInit: Transaction tracking system initialized
[2018.01.12-01.44.36:802][  0]BlueprintLog: New page: Editor Load
[2018.01.12-01.44.40:496][  0]LocalizationService: Localization service is disabled
[2018.01.12-01.44.44:740][  0]LogConsoleResponse: Display: 
[2018.01.12-01.44.47:934][  0]LogCook: Display: Max memory allowance for cook 16384mb min free memory 0mb
[2018.01.12-01.44.47:935][  0]LogCook: Display: Mobile HDR setting 1
[2018.01.12-01.44.47:935][  0]LogGameplayTags: Display: UGameplayTagsManager::DoneAddingNativeTags. DelegateIsBound: 0
[2018.01.12-01.44.48:827][  0]LogFileCache: Scanning file cache for directory 'C:/Users/Thomas Lamson/Documents/Unreal Projects/Ao/Content/' took 0.03s
[2018.01.12-01.44.55:006][  0]SourceControl: Source control is disabled
[2018.01.12-01.44.55:007][  0]Cmd: MAP LOAD FILE="../../../Engine/Content/Maps/Templates/Template_Default.umap" TEMPLATE=1 SHOWPROGRESS=1 FEATURELEVEL=3
[2018.01.12-01.44.55:009][  0]LightingResults: New page: Lighting Build
[2018.01.12-01.44.55:242][  0]MapCheck: New page: Map Check
[2018.01.12-01.44.55:242][  0]LightingResults: New page: Lighting Build
[2018.01.12-01.44.56:794][  0]LogAIModule: Creating AISystem for world Untitled_1
[2018.01.12-01.44.56:872][  0]LogEditorServer: Finished looking for orphan Actors (0.000 secs)
[2018.01.12-01.44.56:944][  0]Cmd: MAP CHECKDEP NOCLEARLOG
[2018.01.12-01.44.57:225][  0]MapCheck: Map check complete: 0 Error(s), 0 Warning(s), took 279.873ms to complete.
[2018.01.12-01.44.57:225][  0]LogFileHelpers: Loading map 'Template_Default' took 2.219
[2018.01.12-01.44.57:981][  0]LogCollectionManager: Loaded 0 collections in 0.007855 seconds
[2018.01.12-01.44.58:337][  0]LogFileCache: Scanning file cache for directory 'C:/Users/Thomas Lamson/Documents/Unreal Projects/Ao/Saved/Collections/' took 0.01s
[2018.01.12-01.44.58:337][  0]LogFileCache: Scanning file cache for directory 'C:/Users/Thomas Lamson/Documents/Unreal Projects/Ao/Content/Developers/ThomasLamson/Collections/' took 0.01s
[2018.01.12-01.44.58:337][  0]LogFileCache: Scanning file cache for directory 'C:/Users/Thomas Lamson/Documents/Unreal Projects/Ao/Content/Collections/' took 0.01s
[2018.01.12-01.44.58:337][  0]LogCollectionManager: Rebuilt the GUID cache for 0 collections in 0.000002 seconds
[2018.01.12-01.44.58:399][  0]LogContentBrowser: Native class hierarchy populated in 0.0610 seconds. Added 2363 classes and 519 folders.
[2018.01.12-01.44.58:860][  0]LogContentBrowser: Native class hierarchy updated for 'WidgetCarousel' in 0.0011 seconds. Added 0 classes and 0 folders.
[2018.01.12-01.44.59:845][  0]LogContentBrowser: Native class hierarchy updated for 'AddContentDialog' in 0.0012 seconds. Added 0 classes and 0 folders.
[2018.01.12-01.45.00:138][  0]LogContentBrowser: Native class hierarchy updated for 'SceneOutliner' in 0.0012 seconds. Added 1 classes and 2 folders.
[2018.01.12-01.45.00:240][  0]LogSlate: Took 0.001136 seconds to synchronously load lazily loaded font '../../../Engine/Content/Slate/Fonts/Roboto-Regular.ttf' (155K)
[2018.01.12-01.45.00:285][  0]LogSlate: Took 0.036749 seconds to synchronously load lazily loaded font '../../../Engine/Content/Slate/Fonts/Roboto-Bold.ttf' (160K)
[2018.01.12-01.45.00:353][  0]LogSlate: Took 0.041696 seconds to synchronously load lazily loaded font '../../../Engine/Content/Editor/Slate/Fonts/FontAwesome.ttf' (139K)
[2018.01.12-01.45.01:070][  0]LogRenderer: Reallocating scene render targets to support 796x408 Format 10 NumSamples 1 (Frame:1).
[2018.01.12-01.45.02:503][  0]LogContentBrowser: Native class hierarchy updated for 'HierarchicalLODOutliner' in 0.0011 seconds. Added 1 classes and 2 folders.
[2018.01.12-01.45.02:503][  0]LogLoad: (Engine Initialization) Total time: 119.58 seconds
[2018.01.12-01.45.02:503][  0]LogLoad: (Engine Initialization) Total Blueprint compile time: 0.00 seconds
[2018.01.12-01.45.02:504][  0]LogExternalProfiler: Found external profiler: VSPerf
[2018.01.12-01.45.02:504][  0]LogExternalProfiler: Using external profiler: VSPerf
[2018.01.12-01.45.02:945][  0]LogContentStreaming: Texture pool size now 1000 MB
[2018.01.12-01.45.04:159][  2]LogSlate: Took 0.000871 seconds to synchronously load lazily loaded font '../../../Engine/Content/Slate/Fonts/Roboto-Light.ttf' (159K)
[2018.01.12-01.45.05:476][  6]LogAssetRegistry: Asset discovery search completed in 83.7705 seconds
[2018.01.12-01.45.05:485][  6]LogCollectionManager: Rebuilt the object cache for 0 collections in 0.000001 seconds (found 0 objects)
[2018.01.12-01.45.05:485][  6]LogCollectionManager: Fixed up redirectors for 0 collections in 0.000222 seconds (updated 0 objects)
[2018.01.12-01.45.07:538][ 12]LogSlate: Took 0.000658 seconds to synchronously load lazily loaded font '../../../Engine/Content/Slate/Fonts/Roboto-Light.ttf' (159K)
[2018.01.12-01.45.58:390][343]LogEditorViewport: Clicking on Actor (LMB): StaticMeshActor (Floor)
[2018.01.12-01.45.59:372][362]Cmd: DELETE
[2018.01.12-01.45.59:372][362]Cmd: ACTOR DELETE
[2018.01.12-01.45.59:377][362]LogEditorActor: Deleted Actor: StaticMeshActor
[2018.01.12-01.45.59:420][362]LogEditorActor: Deleted 1 Actors (0.048 secs)
[2018.01.12-01.46.10:369][819]LogTextFormatter: Warning: Failed to parse argument "ExistingAsset" as a number (using "0" as a fallback). Please check your format string for errors: "{ExistingAsset} already exists. Do you want to replace it?".
[2018.01.12-01.46.12:040][819]LogSlate: Took 0.000656 seconds to synchronously load lazily loaded font '../../../Engine/Content/Slate/Fonts/Roboto-Light.ttf' (159K)
[2018.01.12-01.46.12:107][819]Cmd: OBJ SAVEPACKAGE PACKAGE="/Game/Maps/TestsMap" FILE="../../../../../../Users/Thomas Lamson/Documents/Unreal Projects/Ao/Content/Maps/TestsMap.umap" SILENT=true AUTOSAVING=false KEEPDIRTY=false
[2018.01.12-01.46.12:342][819]LogSavePackage: Save=147.65ms
[2018.01.12-01.46.12:342][819]LogSavePackage: Moving '../../../../../../Users/Thomas Lamson/Documents/Unreal Projects/Ao/Saved/TestsMap67A86FC04A993B7F2958E18594932065.tmp' to '../../../../../../Users/Thomas Lamson/Documents/Unreal Projects/Ao/Content/Maps/TestsMap.umap'
[2018.01.12-01.46.12:355][819]LogSavePackage: Display: Finished SavePackage ../../../../../../Users/Thomas Lamson/Documents/Unreal Projects/Ao/Content/Maps/TestsMap.umap
[2018.01.12-01.46.12:562][819]Cmd: OBJ SAVEPACKAGE PACKAGE="/Game/Maps/TestsMap_BuiltData" FILE="../../../../../../Users/Thomas Lamson/Documents/Unreal Projects/Ao/Content/Maps/TestsMap_BuiltData.uasset" SILENT=true
[2018.01.12-01.46.12:641][819]LogSavePackage: Save=69.05ms
[2018.01.12-01.46.12:641][819]LogSavePackage: Moving '../../../../../../Users/Thomas Lamson/Documents/Unreal Projects/Ao/Saved/TestsMap_BuiltData10B959BF42720860B1A21695CFD079C7.tmp' to '../../../../../../Users/Thomas Lamson/Documents/Unreal Projects/Ao/Content/Maps/TestsMap_BuiltData.uasset'
[2018.01.12-01.46.12:646][819]LogSavePackage: Display: Finished SavePackage ../../../../../../Users/Thomas Lamson/Documents/Unreal Projects/Ao/Content/Maps/TestsMap_BuiltData.uasset
[2018.01.12-01.46.12:658][819]LogFileHelpers: Saving map 'TestsMap' took 0.938
[2018.01.12-03.24.36:411][622]LogHttp: Warning: 00000236E5BE3280: request failed, libcurl error: 7 (Couldn't connect to server)
[2018.01.12-03.24.36:415][622]LogHttp: Warning: 00000236E5BE3280: libcurl info message cache 0 (Found bundle for host datarouter.ol.epicgames.com: 0x236b6927fe8 [can pipeline])
[2018.01.12-03.24.36:415][622]LogHttp: Warning: 00000236E5BE3280: libcurl info message cache 1 (Re-using existing connection! (#20) with host datarouter.ol.epicgames.com)
[2018.01.12-03.24.36:415][622]LogHttp: Warning: 00000236E5BE3280: libcurl info message cache 2 (Connected to datarouter.ol.epicgames.com (52.23.108.251) port 443 (#20))
[2018.01.12-03.24.36:416][622]LogHttp: Warning: 00000236E5BE3280: libcurl info message cache 3 (upload completely sent off: 390 out of 390 bytes)
[2018.01.12-03.24.36:416][622]LogHttp: Warning: 00000236E5BE3280: libcurl info message cache 4 (SSL read: error:00000000:lib(0):func(0):reason(0), errno 10054)
[2018.01.12-03.24.36:416][622]LogHttp: Warning: 00000236E5BE3280: libcurl info message cache 5 (Connection died, retrying a fresh connect)
[2018.01.12-03.24.36:416][622]LogHttp: Warning: 00000236E5BE3280: libcurl info message cache 6 (Closing connection 20)
[2018.01.12-03.24.36:420][622]LogHttp: Warning: 00000236E5BE3280: libcurl info message cache 7 (Issue another request to this URL: 'https://datarouter.ol.epicgames.com/datarouter/api/v1/public/data?SessionID=%7B3E3C036E-46DC-B8F0-90E5-42AA897EAA2D%7D&AppID=UEEditor.Rocket.Release&AppVersion=4.18.2-3794801%2B%2B%2BUE4%2BRelease-4.18&UserID=411ba8f345efd62fdfbc47b7b4ddd34c%7C4f3b556a7eba4b92a423e74a3c9acc62%7C7d8ad01c-3fda-417c-b32e-940fd8e83fb1&AppEnvironment=datacollector-binary&UploadType=eteventstream')
[2018.01.12-03.24.36:420][622]LogHttp: Warning: 00000236E5BE3280: libcurl info message cache 8 (  Trying 52.23.108.251...)
[2018.01.12-03.24.36:420][622]LogHttp: Warning: 00000236E5BE3280: libcurl info message cache 9 (connect to 52.23.108.251 port 443 failed: Timed out)
[2018.01.12-03.24.36:420][622]LogHttp: Warning: 00000236E5BE3280: libcurl info message cache 10 (  Trying 52.22.168.245...)
[2018.01.12-03.24.36:420][622]LogHttp: Warning: 00000236E5BE3280: libcurl info message cache 11 (connect to 52.22.168.245 port 443 failed: Timed out)
[2018.01.12-03.24.36:420][622]LogHttp: Warning: 00000236E5BE3280: libcurl info message cache 12 (  Trying 52.44.169.10...)
[2018.01.12-03.24.36:421][622]LogHttp: Warning: 00000236E5BE3280: libcurl info message cache 13 (connect to 52.44.169.10 port 443 failed: Timed out)
[2018.01.12-03.24.36:421][622]LogHttp: Warning: 00000236E5BE3280: libcurl info message cache 14 (  Trying 52.5.16.83...)
[2018.01.12-03.24.36:421][622]LogHttp: Warning: 00000236E5BE3280: libcurl info message cache 15 (connect to 52.5.16.83 port 443 failed: Host unreachable)
[2018.01.12-03.24.36:421][622]LogHttp: Warning: 00000236E5BE3280: libcurl info message cache 16 (  Trying 52.3.9.249...)
[2018.01.12-03.24.36:421][622]LogHttp: Warning: 00000236E5BE3280: libcurl info message cache 17 (connect to 52.3.9.249 port 443 failed: Host unreachable)
[2018.01.12-03.24.36:421][622]LogHttp: Warning: 00000236E5BE3280: libcurl info message cache 18 (  Trying 52.54.12.86...)
[2018.01.12-03.24.36:421][622]LogHttp: Warning: 00000236E5BE3280: libcurl info message cache 19 (connect to 52.54.12.86 port 443 failed: Host unreachable)
[2018.01.12-03.24.36:421][622]LogHttp: Warning: 00000236E5BE3280: libcurl info message cache 20 (  Trying 52.3.83.62...)
[2018.01.12-03.24.36:422][622]LogHttp: Warning: 00000236E5BE3280: libcurl info message cache 21 (connect to 52.3.83.62 port 443 failed: Host unreachable)
[2018.01.12-03.24.36:422][622]LogHttp: Warning: 00000236E5BE3280: libcurl info message cache 22 (  Trying 52.22.168.132...)
[2018.01.12-03.24.36:422][622]LogHttp: Warning: 00000236E5BE3280: libcurl info message cache 23 (connect to 52.22.168.132 port 443 failed: Host unreachable)
[2018.01.12-03.24.36:422][622]LogHttp: Warning: 00000236E5BE3280: libcurl info message cache 24 (Failed to connect to datarouter.ol.epicgames.com port 443: Host unreachable)
[2018.01.12-03.24.36:422][622]LogHttp: Warning: 00000236E5BE3280: libcurl info message cache 25 (Closing connection 21)
[2018.01.12-03.24.45:068][648]LogHttp: Warning: 00000236E5BE2680: request failed, libcurl error: 7 (Couldn't connect to server)
[2018.01.12-03.24.45:068][648]LogHttp: Warning: 00000236E5BE2680: libcurl info message cache 0 (Found bundle for host datarouter.ol.epicgames.com: 0x236b6927fb8 [serially])
[2018.01.12-03.24.45:068][648]LogHttp: Warning: 00000236E5BE2680: libcurl info message cache 1 (Hostname datarouter.ol.epicgames.com was found in DNS cache)
[2018.01.12-03.24.45:068][648]LogHttp: Warning: 00000236E5BE2680: libcurl info message cache 2 (  Trying 52.23.108.251...)
[2018.01.12-03.24.45:069][648]LogHttp: Warning: 00000236E5BE2680: libcurl info message cache 3 (connect to 52.23.108.251 port 443 failed: Timed out)
[2018.01.12-03.24.45:069][648]LogHttp: Warning: 00000236E5BE2680: libcurl info message cache 4 (  Trying 52.22.168.245...)
[2018.01.12-03.24.45:070][648]LogHttp: Warning: 00000236E5BE2680: libcurl info message cache 5 (connect to 52.22.168.245 port 443 failed: Timed out)
[2018.01.12-03.24.45:070][648]LogHttp: Warning: 00000236E5BE2680: libcurl info message cache 6 (  Trying 52.44.169.10...)
[2018.01.12-03.24.45:071][648]LogHttp: Warning: 00000236E5BE2680: libcurl info message cache 7 (connect to 52.44.169.10 port 443 failed: Host unreachable)
[2018.01.12-03.24.45:071][648]LogHttp: Warning: 00000236E5BE2680: libcurl info message cache 8 (  Trying 52.5.16.83...)
[2018.01.12-03.24.45:071][648]LogHttp: Warning: 00000236E5BE2680: libcurl info message cache 9 (connect to 52.5.16.83 port 443 failed: Host unreachable)
[2018.01.12-03.24.45:072][648]LogHttp: Warning: 00000236E5BE2680: libcurl info message cache 10 (  Trying 52.3.9.249...)
[2018.01.12-03.24.45:072][648]LogHttp: Warning: 00000236E5BE2680: libcurl info message cache 11 (connect to 52.3.9.249 port 443 failed: Host unreachable)
[2018.01.12-03.24.45:073][648]LogHttp: Warning: 00000236E5BE2680: libcurl info message cache 12 (  Trying 52.54.12.86...)
[2018.01.12-03.24.45:073][648]LogHttp: Warning: 00000236E5BE2680: libcurl info message cache 13 (connect to 52.54.12.86 port 443 failed: Host unreachable)
[2018.01.12-03.24.45:073][648]LogHttp: Warning: 00000236E5BE2680: libcurl info message cache 14 (  Trying 52.3.83.62...)
[2018.01.12-03.24.45:074][648]LogHttp: Warning: 00000236E5BE2680: libcurl info message cache 15 (connect to 52.3.83.62 port 443 failed: Host unreachable)
[2018.01.12-03.24.45:074][648]LogHttp: Warning: 00000236E5BE2680: libcurl info message cache 16 (  Trying 52.22.168.132...)
[2018.01.12-03.24.45:074][648]LogHttp: Warning: 00000236E5BE2680: libcurl info message cache 17 (connect to 52.22.168.132 port 443 failed: Host unreachable)
[2018.01.12-03.24.45:074][648]LogHttp: Warning: 00000236E5BE2680: libcurl info message cache 18 (Failed to connect to datarouter.ol.epicgames.com port 443: Host unreachable)
[2018.01.12-03.24.45:074][648]LogHttp: Warning: 00000236E5BE2680: libcurl info message cache 19 (Closing connection 22)
[2018.01.12-03.26.45:723][  4]LogHttp: Warning: 00000236E5BE2B00: request failed, libcurl error: 6 (Couldn't resolve host name)
[2018.01.12-03.26.45:723][  4]LogHttp: Warning: 00000236E5BE2B00: libcurl info message cache 0 (Could not resolve host: datarouter.ol.epicgames.com)
[2018.01.12-03.26.45:723][  4]LogHttp: Warning: 00000236E5BE2B00: libcurl info message cache 1 (Closing connection 23)
[2018.01.12-03.28.46:220][364]LogHttp: Warning: 00000236E5BE1480: request failed, libcurl error: 6 (Couldn't resolve host name)
[2018.01.12-03.28.46:220][364]LogHttp: Warning: 00000236E5BE1480: libcurl info message cache 0 (Could not resolve host: datarouter.ol.epicgames.com)
[2018.01.12-03.28.46:222][364]LogHttp: Warning: 00000236E5BE1480: libcurl info message cache 1 (Closing connection 24)
[2018.01.12-03.30.46:619][725]LogHttp: Warning: 00000236E5BE1000: request failed, libcurl error: 6 (Couldn't resolve host name)
[2018.01.12-03.30.46:620][725]LogHttp: Warning: 00000236E5BE1000: libcurl info message cache 0 (Could not resolve host: datarouter.ol.epicgames.com)
[2018.01.12-03.30.46:620][725]LogHttp: Warning: 00000236E5BE1000: libcurl info message cache 1 (Closing connection 25)
[2018.01.12-03.32.47:234][ 86]LogHttp: Warning: 00000236E5BE2B00: request failed, libcurl error: 6 (Couldn't resolve host name)
[2018.01.12-03.32.47:235][ 86]LogHttp: Warning: 00000236E5BE2B00: libcurl info message cache 0 (Could not resolve host: datarouter.ol.epicgames.com)
[2018.01.12-03.32.47:235][ 86]LogHttp: Warning: 00000236E5BE2B00: libcurl info message cache 1 (Closing connection 26)
[2018.01.12-03.34.47:748][447]LogHttp: Warning: 00000236E5BE2F80: request failed, libcurl error: 6 (Couldn't resolve host name)
[2018.01.12-03.34.47:748][447]LogHttp: Warning: 00000236E5BE2F80: libcurl info message cache 0 (Could not resolve host: datarouter.ol.epicgames.com)
[2018.01.12-03.34.47:748][447]LogHttp: Warning: 00000236E5BE2F80: libcurl info message cache 1 (Closing connection 27)
[2018.01.12-03.36.48:243][807]LogHttp: Warning: 00000236E5BE1180: request failed, libcurl error: 6 (Couldn't resolve host name)
[2018.01.12-03.36.48:243][807]LogHttp: Warning: 00000236E5BE1180: libcurl info message cache 0 (Could not resolve host: datarouter.ol.epicgames.com)
[2018.01.12-03.36.48:243][807]LogHttp: Warning: 00000236E5BE1180: libcurl info message cache 1 (Closing connection 28)
[2018.01.12-03.38.48:734][168]LogHttp: Warning: 00000236E5BE3280: request failed, libcurl error: 6 (Couldn't resolve host name)
[2018.01.12-03.38.48:735][168]LogHttp: Warning: 00000236E5BE3280: libcurl info message cache 0 (Could not resolve host: datarouter.ol.epicgames.com)
[2018.01.12-03.38.48:735][168]LogHttp: Warning: 00000236E5BE3280: libcurl info message cache 1 (Closing connection 29)
[2018.01.12-03.40.49:234][529]LogHttp: Warning: 00000236E5BE2F80: request failed, libcurl error: 6 (Couldn't resolve host name)
[2018.01.12-03.40.49:235][529]LogHttp: Warning: 00000236E5BE2F80: libcurl info message cache 0 (Could not resolve host: datarouter.ol.epicgames.com)
[2018.01.12-03.40.49:235][529]LogHttp: Warning: 00000236E5BE2F80: libcurl info message cache 1 (Closing connection 30)
[2018.01.12-03.42.49:867][890]LogHttp: Warning: 00000236E5BE1C00: request failed, libcurl error: 6 (Couldn't resolve host name)
[2018.01.12-03.42.49:867][890]LogHttp: Warning: 00000236E5BE1C00: libcurl info message cache 0 (Could not resolve host: datarouter.ol.epicgames.com)
[2018.01.12-03.42.49:868][890]LogHttp: Warning: 00000236E5BE1C00: libcurl info message cache 1 (Closing connection 31)
[2018.01.12-03.44.50:247][251]LogHttp: Warning: 00000236E5BE1900: request failed, libcurl error: 6 (Couldn't resolve host name)
[2018.01.12-03.44.50:247][251]LogHttp: Warning: 00000236E5BE1900: libcurl info message cache 0 (Could not resolve host: datarouter.ol.epicgames.com)
[2018.01.12-03.44.50:247][251]LogHttp: Warning: 00000236E5BE1900: libcurl info message cache 1 (Closing connection 32)
[2018.01.12-03.45.04:216][339]LogWindowsTextInputMethodSystem: Display: IME system now deactivated.
[2018.01.12-03.45.04:658][340]Cmd: QUIT_EDITOR
[2018.01.12-03.45.04:778][340]LogExit: Preparing to exit.
[2018.01.12-03.45.05:637][340]LogDirectoryWatcher: A directory notification for 'C:/Users/Thomas Lamson/Documents/Unreal Projects/Ao/Content/' was aborted.
[2018.01.12-03.45.05:746][340]LogExit: Editor shut down
[2018.01.12-03.45.05:802][340]LogExit: Transaction tracking system shut down
[2018.01.12-03.45.06:143][340]LogDirectoryWatcher: A directory notification for '../../../Engine/Content/' was aborted.
[2018.01.12-03.45.06:143][340]LogDirectoryWatcher: A directory notification for '../../../../../../Users/Thomas Lamson/Documents/Unreal Projects/Ao/Content/' was aborted.
[2018.01.12-03.45.06:143][340]LogDirectoryWatcher: A directory notification for '../../../Engine/Plugins/2D/Paper2D/Content/' was aborted.
[2018.01.12-03.45.06:143][340]LogDirectoryWatcher: A directory notification for '../../../Engine/Plugins/Media/MediaCompositing/Content/' was aborted.
[2018.01.12-03.45.06:143][340]LogDirectoryWatcher: A directory notification for '../../../Engine/Plugins/Runtime/AppleARKit/Content/' was aborted.
[2018.01.12-03.45.06:144][340]LogDirectoryWatcher: A directory notification for '../../../Engine/Plugins/Runtime/Oculus/OculusVR/Content/' was aborted.
[2018.01.12-03.45.06:144][340]LogDirectoryWatcher: A directory notification for '../../../Engine/Plugins/Runtime/Steam/SteamVR/Content/' was aborted.
[2018.01.12-03.45.06:302][340]LogExit: Object subsystem successfully closed.
[2018.01.12-03.45.06:343][340]LogD3D11RHI: Shutdown
[2018.01.12-03.45.06:343][340]LogD3D11RHI: CleanupD3DDevice
[2018.01.12-03.45.06:349][340]LogD3D11RHI: ~FD3D11DynamicRHI
[2018.01.12-03.45.06:392][340]LogModuleManager: Shutting down and abandoning module HierarchicalLODOutliner (550)
[2018.01.12-03.45.06:392][340]LogModuleManager: Shutting down and abandoning module SceneOutliner (548)
[2018.01.12-03.45.06:392][340]LogModuleManager: Shutting down and abandoning module AddContentDialog (546)
[2018.01.12-03.45.06:392][340]LogDirectoryWatcher: A directory notification for 'C:/Program Files/Epic Games/UE_4.18/FeaturePacks/' was aborted.
[2018.01.12-03.45.06:412][340]LogModuleManager: Shutting down and abandoning module WidgetCarousel (545)
[2018.01.12-03.45.06:412][340]LogModuleManager: Shutting down and abandoning module EditorWidgets (542)
[2018.01.12-03.45.06:412][340]LogModuleManager: Shutting down and abandoning module CollectionManager (540)
[2018.01.12-03.45.06:412][340]LogDirectoryWatcher: A directory notification for 'C:/Users/Thomas Lamson/Documents/Unreal Projects/Ao/Content/Collections/' was aborted.
[2018.01.12-03.45.06:413][340]LogDirectoryWatcher: A directory notification for 'C:/Users/Thomas Lamson/Documents/Unreal Projects/Ao/Content/Developers/ThomasLamson/Collections/' was aborted.
[2018.01.12-03.45.06:413][340]LogDirectoryWatcher: A directory notification for 'C:/Users/Thomas Lamson/Documents/Unreal Projects/Ao/Saved/Collections/' was aborted.
[2018.01.12-03.45.06:413][340]LogModuleManager: Shutting down and abandoning module HierarchicalLODUtilities (538)
[2018.01.12-03.45.06:413][340]LogModuleManager: Shutting down and abandoning module StatsViewer (536)
[2018.01.12-03.45.06:413][340]LogModuleManager: Shutting down and abandoning module FoliageEdit (534)
[2018.01.12-03.45.06:413][340]LogModuleManager: Shutting down and abandoning module LandscapeEditor (532)
[2018.01.12-03.45.06:413][340]LogModuleManager: Shutting down and abandoning module MeshPaintMode (530)
[2018.01.12-03.45.06:414][340]LogModuleManager: Shutting down and abandoning module SceneDepthPickerMode (528)
[2018.01.12-03.45.06:414][340]LogModuleManager: Shutting down and abandoning module ActorPickerMode (526)
[2018.01.12-03.45.06:414][340]LogModuleManager: Shutting down and abandoning module GeometryMode (524)
[2018.01.12-03.45.06:414][340]LogModuleManager: Shutting down and abandoning module TextureAlignMode (522)
[2018.01.12-03.45.06:414][340]LogModuleManager: Shutting down and abandoning module BspMode (520)
[2018.01.12-03.45.06:414][340]LogModuleManager: Shutting down and abandoning module PIEPreviewDeviceProfileSelector (518)
[2018.01.12-03.45.06:414][340]LogModuleManager: Shutting down and abandoning module HardwareSurvey (516)
[2018.01.12-03.45.06:415][340]LogModuleManager: Shutting down and abandoning module SequenceRecorderSections (514)
[2018.01.12-03.45.06:415][340]LogModuleManager: Shutting down and abandoning module AutomationWorker (512)
[2018.01.12-03.45.06:415][340]LogModuleManager: Shutting down and abandoning module MatineeToLevelSequence (510)
[2018.01.12-03.45.06:415][340]LogModuleManager: Shutting down and abandoning module LevelSequenceEditor (508)
[2018.01.12-03.45.06:415][340]LogModuleManager: Shutting down and abandoning module PlacementMode (507)
[2018.01.12-03.45.06:415][340]LogModuleManager: Shutting down and abandoning module WmfMediaFactory (504)
[2018.01.12-03.45.06:416][340]LogModuleManager: Shutting down and abandoning module WmfMediaEditor (502)
[2018.01.12-03.45.06:416][340]LogModuleManager: Shutting down and abandoning module OpenExrWrapper (500)
[2018.01.12-03.45.06:417][340]LogModuleManager: Shutting down and abandoning module ImgMediaFactory (498)
[2018.01.12-03.45.06:417][340]LogModuleManager: Shutting down and abandoning module ImgMediaEditor (496)
[2018.01.12-03.45.06:417][340]LogModuleManager: Shutting down and abandoning module AvfMediaFactory (494)
[2018.01.12-03.45.06:417][340]LogModuleManager: Shutting down and abandoning module AvfMediaEditor (492)
[2018.01.12-03.45.06:417][340]LogModuleManager: Shutting down and abandoning module AndroidMediaFactory (490)
[2018.01.12-03.45.06:417][340]LogModuleManager: Shutting down and abandoning module AndroidMediaEditor (488)
[2018.01.12-03.45.06:417][340]LogModuleManager: Shutting down and abandoning module CharacterAI (486)
[2018.01.12-03.45.06:417][340]LogModuleManager: Shutting down and abandoning module AudioCapture (484)
[2018.01.12-03.45.06:417][340]LogModuleManager: Shutting down and abandoning module SequenceRecorder (483)
[2018.01.12-03.45.06:418][340]LogModuleManager: Shutting down and abandoning module SmartSnapping (480)
[2018.01.12-03.45.06:418][340]LogModuleManager: Shutting down and abandoning module SessionServices (478)
[2018.01.12-03.45.06:418][340]LogModuleManager: Shutting down and abandoning module ViewportSnapping (476)
[2018.01.12-03.45.06:418][340]LogModuleManager: Shutting down and abandoning module ViewportInteraction (474)
[2018.01.12-03.45.06:418][340]LogModuleManager: Shutting down and abandoning module ClothPainter (472)
[2018.01.12-03.45.06:418][340]LogModuleManager: Shutting down and abandoning module SkeletalMeshEditor (471)
[2018.01.12-03.45.06:418][340]LogModuleManager: Shutting down and abandoning module LogVisualizer (468)
[2018.01.12-03.45.06:418][340]LogModuleManager: Shutting down and abandoning module IntroTutorials (466)
[2018.01.12-03.45.06:418][340]LogModuleManager: Shutting down and abandoning module GameProjectGeneration (465)
[2018.01.12-03.45.06:418][340]LogModuleManager: Shutting down and abandoning module IOSPlatformEditor (462)
[2018.01.12-03.45.06:418][340]LogModuleManager: Shutting down and abandoning module HTML5PlatformEditor (460)
[2018.01.12-03.45.06:419][340]LogModuleManager: Shutting down and abandoning module AndroidPlatformEditor (458)
[2018.01.12-03.45.06:419][340]LogModuleManager: Shutting down and abandoning module AndroidDeviceDetection (457)
[2018.01.12-03.45.07:032][340]LogModuleManager: Shutting down and abandoning module WindowsPlatformEditor (454)
[2018.01.12-03.45.07:032][340]LogModuleManager: Shutting down and abandoning module IOSRuntimeSettings (452)
[2018.01.12-03.45.07:032][340]LogModuleManager: Shutting down and abandoning module AndroidRuntimeSettings (450)
[2018.01.12-03.45.07:032][340]LogModuleManager: Shutting down and abandoning module InputBindingEditor (448)
[2018.01.12-03.45.07:032][340]LogModuleManager: Shutting down and abandoning module MergeActors (446)
[2018.01.12-03.45.07:032][340]LogModuleManager: Shutting down and abandoning module SizeMap (444)
[2018.01.12-03.45.07:032][340]LogModuleManager: Shutting down and abandoning module TreeMap (442)
[2018.01.12-03.45.07:032][340]LogModuleManager: Shutting down and abandoning module ReferenceViewer (440)
[2018.01.12-03.45.07:033][340]LogModuleManager: Shutting down and abandoning module LocalizationDashboard (438)
[2018.01.12-03.45.07:033][340]LogModuleManager: Shutting down and abandoning module LocalizationService (437)
[2018.01.12-03.45.07:033][340]LogModuleManager: Shutting down and abandoning module HardwareTargeting (434)
[2018.01.12-03.45.07:033][340]LogModuleManager: Shutting down and abandoning module DeviceProfileEditor (432)
[2018.01.12-03.45.07:033][340]LogModuleManager: Shutting down and abandoning module UndoHistory (430)
[2018.01.12-03.45.07:033][340]LogModuleManager: Shutting down and abandoning module XmlParser (428)
[2018.01.12-03.45.07:033][340]LogModuleManager: Shutting down and abandoning module Blutility (426)
[2018.01.12-03.45.07:033][340]LogModuleManager: Shutting down and abandoning module ProjectSettingsViewer (424)
[2018.01.12-03.45.07:033][340]LogModuleManager: Shutting down and abandoning module ProjectTargetPlatformEditor (423)
[2018.01.12-03.45.07:034][340]LogModuleManager: Shutting down and abandoning module EditorSettingsViewer (420)
[2018.01.12-03.45.07:034][340]LogModuleManager: Shutting down and abandoning module SettingsEditor (418)
[2018.01.12-03.45.07:034][340]LogModuleManager: Shutting down and abandoning module ProjectLauncher (416)
[2018.01.12-03.45.07:034][340]LogModuleManager: Shutting down and abandoning module SessionFrontend (414)
[2018.01.12-03.45.07:034][340]LogModuleManager: Shutting down and abandoning module ProfilerClient (412)
[2018.01.12-03.45.07:034][340]LogModuleManager: Shutting down and abandoning module DeviceManager (410)
[2018.01.12-03.45.07:034][340]LogModuleManager: Shutting down and abandoning module TargetDeviceServices (409)
[2018.01.12-03.45.07:089][340]LogModuleManager: Shutting down and abandoning module AutomationController (406)
[2018.01.12-03.45.07:089][340]LogModuleManager: Shutting down and abandoning module AutomationWindow (404)
[2018.01.12-03.45.07:089][340]LogModuleManager: Shutting down and abandoning module Layers (402)
[2018.01.12-03.45.07:089][340]LogModuleManager: Shutting down and abandoning module ComponentVisualizers (400)
[2018.01.12-03.45.07:089][340]LogModuleManager: Shutting down and abandoning module DetailCustomizations (398)
[2018.01.12-03.45.07:089][340]LogModuleManager: Shutting down and abandoning module PackagesDialog (396)
[2018.01.12-03.45.07:090][340]LogModuleManager: Shutting down and abandoning module Persona (394)
[2018.01.12-03.45.07:090][340]LogModuleManager: Shutting down and abandoning module AdvancedPreviewScene (393)
[2018.01.12-03.45.07:090][340]LogModuleManager: Shutting down and abandoning module AnimGraph (391)
[2018.01.12-03.45.07:090][340]LogModuleManager: Shutting down and abandoning module Kismet (388)
[2018.01.12-03.45.07:090][340]LogModuleManager: Shutting down and abandoning module ClassViewer (386)
[2018.01.12-03.45.07:091][340]LogModuleManager: Shutting down and abandoning module Toolbox (384)
[2018.01.12-03.45.07:091][340]LogModuleManager: Shutting down and abandoning module ModuleUI (382)
[2018.01.12-03.45.07:091][340]LogModuleManager: Shutting down and abandoning module MovieSceneTools (380)
[2018.01.12-03.45.07:091][340]LogModuleManager: Shutting down and abandoning module OutputLog (378)
[2018.01.12-03.45.07:091][340]LogModuleManager: Shutting down and abandoning module GammaUI (376)
[2018.01.12-03.45.07:091][340]LogModuleManager: Shutting down and abandoning module Documentation (374)
[2018.01.12-03.45.07:091][340]LogModuleManager: Shutting down and abandoning module MovieSceneTracks (372)
[2018.01.12-03.45.07:091][340]LogModuleManager: Shutting down and abandoning module MovieScene (370)
[2018.01.12-03.45.07:091][340]LogModuleManager: Shutting down and abandoning module StreamingPauseRendering (368)
[2018.01.12-03.45.07:091][340]LogModuleManager: Shutting down and abandoning module LauncherPlatform (366)
[2018.01.12-03.45.07:091][340]LogModuleManager: Shutting down and abandoning module AnalyticsET (364)
[2018.01.12-03.45.07:091][340]LogModuleManager: Shutting down and abandoning module PortalServices (362)
[2018.01.12-03.45.07:091][340]LogModuleManager: Shutting down and abandoning module PortalRpc (360)
[2018.01.12-03.45.07:091][340]LogModuleManager: Shutting down and abandoning module MessagingRpc (358)
[2018.01.12-03.45.07:091][340]LogModuleManager: Shutting down and abandoning module AIModule (356)
[2018.01.12-03.45.07:091][340]LogModuleManager: Shutting down and abandoning module GameplayDebugger (355)
[2018.01.12-03.45.07:091][340]LogModuleManager: Shutting down and abandoning module AITestSuite (353)
[2018.01.12-03.45.07:091][340]LogModuleManager: Shutting down and abandoning module DesktopPlatform (350)
[2018.01.12-03.45.07:091][340]LogModuleManager: Shutting down and abandoning module ProfilerService (348)
[2018.01.12-03.45.07:264][340]LogModuleManager: Shutting down and abandoning module TaskGraph (346)
[2018.01.12-03.45.07:265][340]LogModuleManager: Shutting down and abandoning module SteamVRController (344)
[2018.01.12-03.45.07:265][340]LogModuleManager: Shutting down and abandoning module ProceduralMeshComponentEditor (342)
[2018.01.12-03.45.07:265][340]LogModuleManager: Shutting down and abandoning module ProceduralMeshComponent (340)
[2018.01.12-03.45.07:265][340]LogModuleManager: Shutting down and abandoning module OculusInput (338)
[2018.01.12-03.45.07:265][340]LogModuleManager: Shutting down and abandoning module MobilePatchingUtils (336)
[2018.01.12-03.45.07:265][340]LogModuleManager: Shutting down and abandoning module CustomMeshComponent (334)
[2018.01.12-03.45.07:265][340]LogModuleManager: Shutting down and abandoning module CableComponent (332)
[2018.01.12-03.45.07:265][340]LogModuleManager: Shutting down and abandoning module ArchVisCharacter (330)
[2018.01.12-03.45.07:265][340]LogModuleManager: Shutting down and abandoning module AndroidPermission (328)
[2018.01.12-03.45.07:265][340]LogModuleManager: Shutting down and abandoning module ActorSequence (324)
[2018.01.12-03.45.07:265][340]LogModuleManager: Shutting down and abandoning module MediaPlayerEditor (322)
[2018.01.12-03.45.07:265][340]LogModuleManager: Shutting down and abandoning module MediaCompositingEditor (320)
[2018.01.12-03.45.07:265][340]LogModuleManager: Shutting down and abandoning module MediaCompositing (318)
[2018.01.12-03.45.07:265][340]LogModuleManager: Shutting down and abandoning module HTML5Networking (316)
[2018.01.12-03.45.07:265][340]LogModuleManager: Shutting down and abandoning module AlembicImporter (314)
[2018.01.12-03.45.07:265][340]LogModuleManager: Shutting down and abandoning module AlembicLibrary (313)
[2018.01.12-03.45.07:265][340]LogModuleManager: Shutting down and abandoning module GeometryCache (312)
[2018.01.12-03.45.07:266][340]LogModuleManager: Shutting down and abandoning module GeometryCacheEd (311)
[2018.01.12-03.45.07:266][340]LogModuleManager: Shutting down and abandoning module SpeedTreeImporter (306)
[2018.01.12-03.45.07:266][340]LogModuleManager: Shutting down and abandoning module PluginBrowser (304)
[2018.01.12-03.45.07:266][340]LogModuleManager: Shutting down and abandoning module MobileLauncherProfileWizard (302)
[2018.01.12-03.45.07:266][340]LogModuleManager: Shutting down and abandoning module VisualStudioSourceCodeAccess (300)
[2018.01.12-03.45.07:266][340]LogModuleManager: Shutting down and abandoning module VisualStudioCodeSourceCodeAccess (298)
[2018.01.12-03.45.07:266][340]LogModuleManager: Shutting down and abandoning module UObjectPlugin (296)
[2018.01.12-03.45.07:266][340]LogModuleManager: Shutting down and abandoning module SubversionSourceControl (294)
[2018.01.12-03.45.07:266][340]LogModuleManager: Shutting down and abandoning module PerforceSourceControl (292)
[2018.01.12-03.45.07:266][340]LogModuleManager: Shutting down and abandoning module GitSourceControl (290)
[2018.01.12-03.45.07:266][340]LogModuleManager: Shutting down and abandoning module SourceControl (289)
[2018.01.12-03.45.07:266][340]LogModuleManager: Shutting down and abandoning module LightPropagationVolumeEditor (286)
[2018.01.12-03.45.07:266][340]LogModuleManager: Shutting down and abandoning module PaperTiledImporter (284)
[2018.01.12-03.45.07:266][340]LogModuleManager: Shutting down and abandoning module PaperSpriteSheetImporter (282)
[2018.01.12-03.45.07:266][340]LogModuleManager: Shutting down and abandoning module Paper2DEditor (280)
[2018.01.12-03.45.07:267][340]LogModuleManager: Shutting down and abandoning module MeshPaint (279)
[2018.01.12-03.45.07:267][340]LogModuleManager: Shutting down and abandoning module LevelEditor (277)
[2018.01.12-03.45.07:270][340]LogModuleManager: Shutting down and abandoning module PixelInspectorModule (276)
[2018.01.12-03.45.07:270][340]LogModuleManager: Shutting down and abandoning module MainFrame (274)
[2018.01.12-03.45.07:270][340]LogModuleManager: Shutting down and abandoning module HotReload (273)
[2018.01.12-03.45.07:271][340]LogModuleManager: Shutting down and abandoning module RuntimePhysXCooking (268)
[2018.01.12-03.45.07:271][340]LogModuleManager: Shutting down and abandoning module PhysXVehiclesEditor (266)
[2018.01.12-03.45.07:271][340]LogModuleManager: Shutting down and abandoning module PhysXVehicles (264)
[2018.01.12-03.45.07:271][340]LogModuleManager: Shutting down and abandoning module OculusEditor (262)
[2018.01.12-03.45.07:271][340]LogModuleManager: Shutting down and abandoning module LocationServicesBPLibrary (260)
[2018.01.12-03.45.07:271][340]LogModuleManager: Shutting down and abandoning module ImmediatePhysicsEditor (258)
[2018.01.12-03.45.07:271][340]LogModuleManager: Shutting down and abandoning module ImmediatePhysics (256)
[2018.01.12-03.45.07:271][340]LogModuleManager: Shutting down and abandoning module UdpMessaging (254)
[2018.01.12-03.45.07:372][340]LogModuleManager: Shutting down and abandoning module TcpMessaging (252)
[2018.01.12-03.45.07:473][340]LogModuleManager: Shutting down and abandoning module GameplayTagsEditor (250)
[2018.01.12-03.45.07:473][340]LogModuleManager: Shutting down and abandoning module FacialAnimationEditor (248)
[2018.01.12-03.45.07:473][340]LogModuleManager: Shutting down and abandoning module FacialAnimation (246)
[2018.01.12-03.45.07:473][340]LogModuleManager: Shutting down and abandoning module AssetManagerEditor (244)
[2018.01.12-03.45.07:473][340]LogModuleManager: Shutting down and abandoning module GraphEditor (243)
[2018.01.12-03.45.07:473][340]LogModuleManager: Shutting down and abandoning module ContentBrowser (241)
[2018.01.12-03.45.07:476][340]LogModuleManager: Shutting down and abandoning module LightPropagationVolumeRuntime (238)
[2018.01.12-03.45.07:476][340]LogModuleManager: Shutting down and abandoning module Paper2D (236)
[2018.01.12-03.45.07:476][340]LogModuleManager: Shutting down and abandoning module WindowsMoviePlayer (234)
[2018.01.12-03.45.07:476][340]LogModuleManager: Shutting down and abandoning module WmfMedia (232)
[2018.01.12-03.45.07:476][340]LogModuleManager: Shutting down and abandoning module ImgMedia (230)
[2018.01.12-03.45.07:476][340]LogModuleManager: Shutting down and abandoning module PacketHandler (228)
[2018.01.12-03.45.07:476][340]LogModuleManager: Shutting down and abandoning module ClothingSystemEditor (226)
[2018.01.12-03.45.07:476][340]LogModuleManager: Shutting down and abandoning module ClothingSystemRuntime (224)
[2018.01.12-03.45.07:477][340]LogModuleManager: Shutting down and abandoning module MediaAssets (222)
[2018.01.12-03.45.07:477][340]LogModuleManager: Shutting down and abandoning module Media (221)
[2018.01.12-03.45.07:483][340]LogModuleManager: Shutting down and abandoning module Overlay (218)
[2018.01.12-03.45.07:483][340]LogModuleManager: Shutting down and abandoning module OverlayEditor (217)
[2018.01.12-03.45.07:483][340]LogModuleManager: Shutting down and abandoning module VREditor (214)
[2018.01.12-03.45.07:483][340]LogModuleManager: Shutting down and abandoning module StringTableEditor (212)
[2018.01.12-03.45.07:484][340]LogModuleManager: Shutting down and abandoning module GameplayTasksEditor (210)
[2018.01.12-03.45.07:484][340]LogModuleManager: Shutting down and abandoning module BehaviorTreeEditor (208)
[2018.01.12-03.45.07:484][340]LogModuleManager: Shutting down and abandoning module FunctionalTesting (206)
[2018.01.12-03.45.07:484][340]LogModuleManager: Shutting down and abandoning module CollisionAnalyzer (204)
[2018.01.12-03.45.07:484][340]LogModuleManager: Shutting down and abandoning module WorkspaceMenuStructure (203)
[2018.01.12-03.45.07:484][340]LogModuleManager: Shutting down and abandoning module UMG (200)
[2018.01.12-03.45.07:484][340]LogModuleManager: Shutting down and abandoning module UMGEditor (199)
[2018.01.12-03.45.07:484][340]LogModuleManager: Shutting down and abandoning module Sequencer (198)
[2018.01.12-03.45.07:484][340]LogModuleManager: Shutting down and abandoning module MessageLog (195)
[2018.01.12-03.45.07:484][340]LogModuleManager: Shutting down and abandoning module SlateReflector (190)
[2018.01.12-03.45.07:484][340]LogModuleManager: Shutting down and abandoning module Slate (188)
[2018.01.12-03.45.07:484][340]LogModuleManager: Shutting down and abandoning module EditorStyle (186)
[2018.01.12-03.45.07:488][340]LogModuleManager: Shutting down and abandoning module MRMesh (184)
[2018.01.12-03.45.07:488][340]LogModuleManager: Shutting down and abandoning module SourceCodeAccess (182)
[2018.01.12-03.45.07:488][340]LogModuleManager: Shutting down and abandoning module HeadMountedDisplay (180)
[2018.01.12-03.45.07:488][340]LogModuleManager: Shutting down and abandoning module XAudio2 (178)
[2018.01.12-03.45.07:488][340]LogModuleManager: Shutting down and abandoning module Networking (176)
[2018.01.12-03.45.07:488][340]LogModuleManager: Shutting down and abandoning module Core (172)
[2018.01.12-03.45.07:488][340]LogModuleManager: Shutting down and abandoning module LevelSequence (168)
[2018.01.12-03.45.07:488][340]LogModuleManager: Shutting down and abandoning module DirectoryWatcher (166)
[2018.01.12-03.45.07:495][340]LogModuleManager: Shutting down and abandoning module KismetCompiler (164)
[2018.01.12-03.45.07:495][340]LogModuleManager: Shutting down and abandoning module MeshUtilities (162)
[2018.01.12-03.45.07:495][340]LogModuleManager: Shutting down and abandoning module MeshMergeUtilities (161)
[2018.01.12-03.45.07:495][340]LogModuleManager: Shutting down and abandoning module MeshReductionInterface (160)
[2018.01.12-03.45.07:495][340]LogModuleManager: Shutting down and abandoning module SimplygonSwarm (159)
[2018.01.12-03.45.07:495][340]LogModuleManager: Shutting down and abandoning module SimplygonMeshReduction (157)
[2018.01.12-03.45.07:495][340]LogModuleManager: Shutting down and abandoning module QuadricMeshReduction (155)
[2018.01.12-03.45.07:495][340]LogModuleManager: Shutting down and abandoning module MaterialBaking (151)
[2018.01.12-03.45.07:495][340]LogModuleManager: Shutting down and abandoning module DerivedDataCache (148)
[2018.01.12-03.45.07:498][340]LogDerivedDataCache: Shutdown
[2018.01.12-03.45.07:498][340]LogModuleManager: Shutting down and abandoning module TargetPlatform (146)
[2018.01.12-03.45.07:498][340]LogModuleManager: Shutting down and abandoning module VulkanShaderFormat (145)
[2018.01.12-03.45.07:498][340]LogModuleManager: Shutting down and abandoning module ShaderFormatVectorVM (143)
[2018.01.12-03.45.07:499][340]LogModuleManager: Shutting down and abandoning module ShaderFormatOpenGL (141)
[2018.01.12-03.45.07:499][340]LogModuleManager: Shutting down and abandoning module ShaderFormatD3D (139)
[2018.01.12-03.45.07:499][340]LogModuleManager: Shutting down and abandoning module MetalShaderFormat (137)
[2018.01.12-03.45.07:499][340]LogModuleManager: Shutting down and abandoning module TextureFormatUncompressed (135)
[2018.01.12-03.45.07:499][340]LogModuleManager: Shutting down and abandoning module TextureFormatPVR (133)
[2018.01.12-03.45.07:499][340]LogModuleManager: Shutting down and abandoning module TextureFormatDXT (131)
[2018.01.12-03.45.07:499][340]LogModuleManager: Shutting down and abandoning module TextureFormatIntelISPCTexComp (129)
[2018.01.12-03.45.07:499][340]LogModuleManager: Shutting down and abandoning module TextureFormatASTC (127)
[2018.01.12-03.45.07:499][340]LogModuleManager: Shutting down and abandoning module ImageWrapper (126)
[2018.01.12-03.45.07:499][340]LogModuleManager: Shutting down and abandoning module TextureFormatAndroid (123)
[2018.01.12-03.45.07:499][340]LogModuleManager: Shutting down and abandoning module AudioFormatOpus (121)
[2018.01.12-03.45.07:499][340]LogModuleManager: Shutting down and abandoning module AudioFormatOgg (119)
[2018.01.12-03.45.07:499][340]LogModuleManager: Shutting down and abandoning module AudioFormatADPCM (117)
[2018.01.12-03.45.07:499][340]LogModuleManager: Shutting down and abandoning module LinuxTargetPlatform (115)
[2018.01.12-03.45.07:499][340]LogModuleManager: Shutting down and abandoning module LinuxServerTargetPlatform (113)
[2018.01.12-03.45.07:499][340]LogModuleManager: Shutting down and abandoning module LinuxNoEditorTargetPlatform (111)
[2018.01.12-03.45.07:499][340]LogModuleManager: Shutting down and abandoning module LinuxClientTargetPlatform (109)
[2018.01.12-03.45.07:499][340]LogModuleManager: Shutting down and abandoning module TVOSTargetPlatform (107)
[2018.01.12-03.45.07:500][340]LogModuleManager: Shutting down and abandoning module Messaging (105)
[2018.01.12-03.45.07:500][340]LogModuleManager: Shutting down and abandoning module IOSTargetPlatform (103)
[2018.01.12-03.45.07:500][340]LogModuleManager: Shutting down and abandoning module HTML5TargetPlatform (101)
[2018.01.12-03.45.07:500][340]LogModuleManager: Shutting down and abandoning module AndroidTargetPlatform (99)
[2018.01.12-03.45.07:500][340]LogModuleManager: Shutting down and abandoning module Android_PVRTCTargetPlatform (97)
[2018.01.12-03.45.07:500][340]LogModuleManager: Shutting down and abandoning module Android_MultiTargetPlatform (95)
[2018.01.12-03.45.07:500][340]LogModuleManager: Shutting down and abandoning module Android_ETC2TargetPlatform (93)
[2018.01.12-03.45.07:500][340]LogModuleManager: Shutting down and abandoning module Android_ETC1TargetPlatform (91)
[2018.01.12-03.45.07:500][340]LogModuleManager: Shutting down and abandoning module Android_DXTTargetPlatform (89)
[2018.01.12-03.45.07:500][340]LogModuleManager: Shutting down and abandoning module Android_ATCTargetPlatform (87)
[2018.01.12-03.45.07:500][340]LogModuleManager: Shutting down and abandoning module Android_ASTCTargetPlatform (85)
[2018.01.12-03.45.07:500][340]LogModuleManager: Shutting down and abandoning module WindowsTargetPlatform (83)
[2018.01.12-03.45.07:500][340]LogModuleManager: Shutting down and abandoning module WindowsServerTargetPlatform (81)
[2018.01.12-03.45.07:500][340]LogModuleManager: Shutting down and abandoning module WindowsNoEditorTargetPlatform (79)
[2018.01.12-03.45.07:500][340]LogModuleManager: Shutting down and abandoning module WindowsClientTargetPlatform (77)
[2018.01.12-03.45.07:500][340]LogModuleManager: Shutting down and abandoning module MacTargetPlatform (75)
[2018.01.12-03.45.07:500][340]LogModuleManager: Shutting down and abandoning module MacServerTargetPlatform (73)
[2018.01.12-03.45.07:500][340]LogModuleManager: Shutting down and abandoning module MacNoEditorTargetPlatform (71)
[2018.01.12-03.45.07:500][340]LogModuleManager: Shutting down and abandoning module MacClientTargetPlatform (69)
[2018.01.12-03.45.07:500][340]LogModuleManager: Shutting down and abandoning module AllDesktopTargetPlatform (67)
[2018.01.12-03.45.07:500][340]LogModuleManager: Shutting down and abandoning module InputCore (64)
[2018.01.12-03.45.07:501][340]LogModuleManager: Shutting down and abandoning module Settings (62)
[2018.01.12-03.45.07:501][340]LogModuleManager: Shutting down and abandoning module PhysXCooking (60)
[2018.01.12-03.45.07:501][340]LogModuleManager: Shutting down and abandoning module SteamVR (58)
[2018.01.12-03.45.07:501][340]LogModuleManager: Shutting down and abandoning module OculusHMD (56)
[2018.01.12-03.45.07:501][340]LogModuleManager: Shutting down and abandoning module ExampleDeviceProfileSelector (54)
[2018.01.12-03.45.07:501][340]LogModuleManager: Shutting down and abandoning module AppleARKit (52)
[2018.01.12-03.45.07:501][340]LogModuleManager: Shutting down and abandoning module AugmentedReality (51)
[2018.01.12-03.45.07:501][340]LogModuleManager: Shutting down and abandoning module OnlineBlueprintSupport (48)
[2018.01.12-03.45.07:501][340]LogModuleManager: Shutting down and abandoning module OnlineSubsystem (44)
[2018.01.12-03.45.07:501][340]LogModuleManager: Shutting down and abandoning module XMPP (43)
[2018.01.12-03.45.07:501][340]LogModuleManager: Shutting down and abandoning module HTTP (41)
[2018.01.12-03.45.07:501][340]LogHttp: Display: Http module shutting down, but needs to wait on 1 outstanding Http requests:
[2018.01.12-03.45.07:501][340]LogHttp: Display: 	verb=[POST] url=[https://datarouter.ol.epicgames.com/datarouter/api/v1/public/data?SessionID=%7B3E3C036E-46DC-B8F0-90E5-42AA897EAA2D%7D&AppID=UEEditor.Rocket.Release&AppVersion=4.18.2-3794801%2B%2B%2BUE4%2BRelease-4.18&UserID=411ba8f345efd62fdfbc47b7b4ddd34c%7C4f3b556a7eba4b92a423e74a3c9acc62%7C7d8ad01c-3fda-417c-b32e-940fd8e83fb1&AppEnvironment=datacollector-binary&UploadType=eteventstream] status=Processing
[2018.01.12-03.45.07:501][340]LogHttp: Warning: 00000236E5BE0A00: request failed, libcurl error: 6 (Couldn't resolve host name)
[2018.01.12-03.45.07:501][340]LogHttp: Warning: 00000236E5BE0A00: libcurl info message cache 0 (Could not resolve host: datarouter.ol.epicgames.com)
[2018.01.12-03.45.07:501][340]LogHttp: Warning: 00000236E5BE0A00: libcurl info message cache 1 (Closing connection 33)
[2018.01.12-03.45.07:524][340]LogModuleManager: Shutting down and abandoning module SSL (40)
[2018.01.12-03.45.07:527][340]LogModuleManager: Shutting down and abandoning module AnimationModifiers (36)
[2018.01.12-03.45.07:527][340]LogModuleManager: Shutting down and abandoning module PropertyEditor (35)
[2018.01.12-03.45.07:527][340]LogModuleManager: Shutting down and abandoning module AudioEditor (32)
[2018.01.12-03.45.07:527][340]LogModuleManager: Shutting down and abandoning module TextureCompressor (30)
[2018.01.12-03.45.07:528][340]LogModuleManager: Shutting down and abandoning module ShaderCore (28)
[2018.01.12-03.45.07:528][340]LogModuleManager: Shutting down and abandoning module Landscape (26)
[2018.01.12-03.45.07:528][340]LogModuleManager: Shutting down and abandoning module SlateRHIRenderer (24)
[2018.01.12-03.45.07:535][340]LogModuleManager: Shutting down and abandoning module OpenGLDrv (22)
[2018.01.12-03.45.07:535][340]LogModuleManager: Shutting down and abandoning module D3D11RHI (20)
[2018.01.12-03.45.07:535][340]LogModuleManager: Shutting down and abandoning module AnimGraphRuntime (18)
[2018.01.12-03.45.07:535][340]LogModuleManager: Shutting down and abandoning module Renderer (16)
[2018.01.12-03.45.07:535][340]LogModuleManager: Shutting down and abandoning module Engine (14)
[2018.01.12-03.45.07:535][340]LogModuleManager: Shutting down and abandoning module CoreUObject (12)
[2018.01.12-03.45.07:535][340]LogModuleManager: Shutting down and abandoning module NetworkFile (10)
[2018.01.12-03.45.07:535][340]LogModuleManager: Shutting down and abandoning module CookedIterativeFile (8)
[2018.01.12-03.45.07:535][340]LogModuleManager: Shutting down and abandoning module StreamingFile (6)
[2018.01.12-03.45.07:536][340]LogModuleManager: Shutting down and abandoning module SandboxFile (4)
[2018.01.12-03.45.07:536][340]LogModuleManager: Shutting down and abandoning module PakFile (2)
[2018.01.12-03.45.07:537][340]LogExit: Exiting.
[2018.01.12-03.45.07:571][340]Log file closed, 01/12/18 04:45:07
