Log file open, 01/12/18 14:48:32
LogWindows: Failed to load 'aqProf.dll' (GetLastError=126)
LogWindows: File 'aqProf.dll' does not exist
LogWindows: Failed to load 'VtuneApi.dll' (GetLastError=126)
LogWindows: File 'VtuneApi.dll' does not exist
LogWindows: Failed to load 'VtuneApi32e.dll' (GetLastError=126)
LogWindows: File 'VtuneApi32e.dll' does not exist
LogInit: Display: Running engine for game: Ao
LogPlatformFile: Not using cached read wrapper
LogInit: Display: RandInit(-1071466999) SRandInit(-1071466999).
LogInit: Read version file with build ID '3709383'
LogInit: Overriding engine version to CL 3794801, compatible CL 3709383
LogInit: Registered custom module enumerator with build ID '3709383'
LogTaskGraph: Started task graph with 5 named threads and 8 total threads with 3 sets of task threads.
LogStats: Stats thread started at 0.317687
LogD3D11RHI: Aftermath initialized
LogModuleManager: Display: Found up-to-date module file ../../../Engine/Plugins/2D/Paper2D/Binaries/Win64/UE4Editor-Paper2D.dll (API version 3709383).
LogModuleManager: Display: Found up-to-date module file ../../../Engine/Plugins/2D/Paper2D/Binaries/Win64/UE4Editor-Paper2DEditor.dll (API version 3709383).
LogModuleManager: Display: Found up-to-date module file ../../../Engine/Plugins/2D/Paper2D/Binaries/Win64/UE4Editor-PaperSpriteSheetImporter.dll (API version 3709383).
LogModuleManager: Display: Found up-to-date module file ../../../Engine/Plugins/2D/Paper2D/Binaries/Win64/UE4Editor-PaperTiledImporter.dll (API version 3709383).
LogModuleManager: Display: Found up-to-date module file ../../../Engine/Plugins/2D/Paper2D/Binaries/Win64/UE4Editor-SmartSnapping.dll (API version 3709383).
LogModuleManager: Display: Found up-to-date module file ../../../Engine/Plugins/Blendables/LightPropagationVolume/Binaries/Win64/UE4Editor-LightPropagationVolumeRuntime.dll (API version 3709383).
LogModuleManager: Display: Found up-to-date module file ../../../Engine/Plugins/Blendables/LightPropagationVolume/Binaries/Win64/UE4Editor-LightPropagationVolumeEditor.dll (API version 3709383).
LogModuleManager: Display: Found up-to-date module file ../../../Engine/Plugins/Developer/GitSourceControl/Binaries/Win64/UE4Editor-GitSourceControl.dll (API version 3709383).
LogModuleManager: Display: Found up-to-date module file ../../../Engine/Plugins/Developer/PerforceSourceControl/Binaries/Win64/UE4Editor-PerforceSourceControl.dll (API version 3709383).
LogModuleManager: Display: Found up-to-date module file ../../../Engine/Plugins/Developer/SubversionSourceControl/Binaries/Win64/UE4Editor-SubversionSourceControl.dll (API version 3709383).
LogModuleManager: Display: Found up-to-date module file ../../../Engine/Plugins/Developer/UObjectPlugin/Binaries/Win64/UE4Editor-UObjectPlugin.dll (API version 3709383).
LogModuleManager: Display: Found up-to-date module file ../../../Engine/Plugins/Developer/VisualStudioCodeSourceCodeAccess/Binaries/Win64/UE4Editor-VisualStudioCodeSourceCodeAccess.dll (API version 3709383).
LogModuleManager: Display: Found up-to-date module file ../../../Engine/Plugins/Developer/VisualStudioSourceCodeAccess/Binaries/Win64/UE4Editor-VisualStudioSourceCodeAccess.dll (API version 3709383).
LogModuleManager: Display: Found up-to-date module file ../../../Engine/Plugins/Editor/AssetManagerEditor/Binaries/Win64/UE4Editor-AssetManagerEditor.dll (API version 3709383).
LogModuleManager: Display: Found up-to-date module file ../../../Engine/Plugins/Editor/AudioCapture/Binaries/Win64/UE4Editor-AudioCapture.dll (API version 3709383).
LogModuleManager: Display: Found up-to-date module file ../../../Engine/Plugins/Editor/FacialAnimation/Binaries/Win64/UE4Editor-FacialAnimation.dll (API version 3709383).
LogModuleManager: Display: Found up-to-date module file ../../../Engine/Plugins/Editor/FacialAnimation/Binaries/Win64/UE4Editor-FacialAnimationEditor.dll (API version 3709383).
LogModuleManager: Display: Found up-to-date module file ../../../Engine/Plugins/Editor/GameplayTagsEditor/Binaries/Win64/UE4Editor-GameplayTagsEditor.dll (API version 3709383).
LogModuleManager: Display: Found up-to-date module file ../../../Engine/Plugins/Editor/MobileLauncherProfileWizard/Binaries/Win64/UE4Editor-MobileLauncherProfileWizard.dll (API version 3709383).
LogModuleManager: Display: Found up-to-date module file ../../../Engine/Plugins/Editor/PluginBrowser/Binaries/Win64/UE4Editor-PluginBrowser.dll (API version 3709383).
LogModuleManager: Display: Found up-to-date module file ../../../Engine/Plugins/Editor/SpeedTreeImporter/Binaries/Win64/UE4Editor-SpeedTreeImporter.dll (API version 3709383).
LogModuleManager: Display: Found up-to-date module file ../../../Engine/Plugins/Experimental/AlembicImporter/Binaries/Win64/UE4Editor-AlembicImporter.dll (API version 3709383).
LogModuleManager: Display: Found up-to-date module file ../../../Engine/Plugins/Experimental/AlembicImporter/Binaries/Win64/UE4Editor-AlembicLibrary.dll (API version 3709383).
LogModuleManager: Display: Found up-to-date module file ../../../Engine/Plugins/Experimental/CharacterAI/Binaries/Win64/UE4Editor-CharacterAI.dll (API version 3709383).
LogModuleManager: Display: Found up-to-date module file ../../../Engine/Plugins/Experimental/HTML5Networking/Binaries/Win64/UE4Editor-HTML5Networking.dll (API version 3709383).
LogModuleManager: Display: Found up-to-date module file ../../../Engine/Plugins/Media/AndroidMedia/Binaries/Win64/UE4Editor-AndroidMediaEditor.dll (API version 3709383).
LogModuleManager: Display: Found up-to-date module file ../../../Engine/Plugins/Media/AndroidMedia/Binaries/Win64/UE4Editor-AndroidMediaFactory.dll (API version 3709383).
LogModuleManager: Display: Found up-to-date module file ../../../Engine/Plugins/Media/AvfMedia/Binaries/Win64/UE4Editor-AvfMediaEditor.dll (API version 3709383).
LogModuleManager: Display: Found up-to-date module file ../../../Engine/Plugins/Media/AvfMedia/Binaries/Win64/UE4Editor-AvfMediaFactory.dll (API version 3709383).
LogModuleManager: Display: Found up-to-date module file ../../../Engine/Plugins/Media/AvfMedia/Binaries/Win64/UE4Editor-AvfMediaFactory.dll (API version 3709383).
LogModuleManager: Display: Found up-to-date module file ../../../Engine/Plugins/Media/ImgMedia/Binaries/Win64/UE4Editor-ImgMedia.dll (API version 3709383).
LogModuleManager: Display: Found up-to-date module file ../../../Engine/Plugins/Media/ImgMedia/Binaries/Win64/UE4Editor-ImgMediaEditor.dll (API version 3709383).
LogModuleManager: Display: Found up-to-date module file ../../../Engine/Plugins/Media/ImgMedia/Binaries/Win64/UE4Editor-ImgMediaFactory.dll (API version 3709383).
LogModuleManager: Display: Found up-to-date module file ../../../Engine/Plugins/Media/ImgMedia/Binaries/Win64/UE4Editor-ImgMediaFactory.dll (API version 3709383).
LogModuleManager: Display: Found up-to-date module file ../../../Engine/Plugins/Media/ImgMedia/Binaries/Win64/UE4Editor-OpenExrWrapper.dll (API version 3709383).
LogModuleManager: Display: Found up-to-date module file ../../../Engine/Plugins/Media/MediaCompositing/Binaries/Win64/UE4Editor-MediaCompositing.dll (API version 3709383).
LogModuleManager: Display: Found up-to-date module file ../../../Engine/Plugins/Media/MediaCompositing/Binaries/Win64/UE4Editor-MediaCompositingEditor.dll (API version 3709383).
LogModuleManager: Display: Found up-to-date module file ../../../Engine/Plugins/Media/MediaPlayerEditor/Binaries/Win64/UE4Editor-MediaPlayerEditor.dll (API version 3709383).
LogModuleManager: Display: Found up-to-date module file ../../../Engine/Plugins/Media/WmfMedia/Binaries/Win64/UE4Editor-WmfMedia.dll (API version 3709383).
LogModuleManager: Display: Found up-to-date module file ../../../Engine/Plugins/Media/WmfMedia/Binaries/Win64/UE4Editor-WmfMediaEditor.dll (API version 3709383).
LogModuleManager: Display: Found up-to-date module file ../../../Engine/Plugins/Media/WmfMedia/Binaries/Win64/UE4Editor-WmfMediaFactory.dll (API version 3709383).
LogModuleManager: Display: Found up-to-date module file ../../../Engine/Plugins/Media/WmfMedia/Binaries/Win64/UE4Editor-WmfMediaFactory.dll (API version 3709383).
LogModuleManager: Display: Found up-to-date module file ../../../Engine/Plugins/Messaging/TcpMessaging/Binaries/Win64/UE4Editor-TcpMessaging.dll (API version 3709383).
LogModuleManager: Display: Found up-to-date module file ../../../Engine/Plugins/Messaging/UdpMessaging/Binaries/Win64/UE4Editor-UdpMessaging.dll (API version 3709383).
LogModuleManager: Display: Found up-to-date module file ../../../Engine/Plugins/MovieScene/ActorSequence/Binaries/Win64/UE4Editor-ActorSequence.dll (API version 3709383).
LogModuleManager: Display: Found up-to-date module file ../../../Engine/Plugins/MovieScene/LevelSequenceEditor/Binaries/Win64/UE4Editor-LevelSequenceEditor.dll (API version 3709383).
LogModuleManager: Display: Found up-to-date module file ../../../Engine/Plugins/MovieScene/MatineeToLevelSequence/Binaries/Win64/UE4Editor-MatineeToLevelSequence.dll (API version 3709383).
LogModuleManager: Display: Found up-to-date module file ../../../Engine/Plugins/Online/OnlineSubsystem/Binaries/Win64/UE4Editor-OnlineSubsystem.dll (API version 3709383).
LogModuleManager: Display: Found up-to-date module file ../../../Engine/Plugins/Runtime/AndroidPermission/Binaries/Win64/UE4Editor-AndroidPermission.dll (API version 3709383).
LogModuleManager: Display: Found up-to-date module file ../../../Engine/Plugins/Online/OnlineSubsystemNull/Binaries/Win64/UE4Editor-OnlineSubsystemNull.dll (API version 3709383).
LogModuleManager: Display: Found up-to-date module file ../../../Engine/Plugins/Online/OnlineSubsystemUtils/Binaries/Win64/UE4Editor-OnlineSubsystemUtils.dll (API version 3709383).
LogModuleManager: Display: Found up-to-date module file ../../../Engine/Plugins/Online/OnlineSubsystemUtils/Binaries/Win64/UE4Editor-OnlineBlueprintSupport.dll (API version 3709383).
LogModuleManager: Display: Found up-to-date module file ../../../Engine/Plugins/Runtime/AndroidDeviceProfileSelector/Binaries/Win64/UE4Editor-AndroidDeviceProfileSelector.dll (API version 3709383).
LogModuleManager: Display: Found up-to-date module file ../../../Engine/Plugins/Runtime/AppleARKit/Binaries/Win64/UE4Editor-AppleARKit.dll (API version 3709383).
LogModuleManager: Display: Found up-to-date module file ../../../Engine/Plugins/Runtime/ArchVisCharacter/Binaries/Win64/UE4Editor-ArchVisCharacter.dll (API version 3709383).
LogModuleManager: Display: Found up-to-date module file ../../../Engine/Plugins/Runtime/CableComponent/Binaries/Win64/UE4Editor-CableComponent.dll (API version 3709383).
LogModuleManager: Display: Found up-to-date module file ../../../Engine/Plugins/Runtime/CustomMeshComponent/Binaries/Win64/UE4Editor-CustomMeshComponent.dll (API version 3709383).
LogModuleManager: Display: Found up-to-date module file ../../../Engine/Plugins/Runtime/ExampleDeviceProfileSelector/Binaries/Win64/UE4Editor-ExampleDeviceProfileSelector.dll (API version 3709383).
LogModuleManager: Display: Found up-to-date module file ../../../Engine/Plugins/Runtime/ImmediatePhysics/Binaries/Win64/UE4Editor-ImmediatePhysics.dll (API version 3709383).
LogModuleManager: Display: Found up-to-date module file ../../../Engine/Plugins/Runtime/ImmediatePhysics/Binaries/Win64/UE4Editor-ImmediatePhysicsEditor.dll (API version 3709383).
LogModuleManager: Display: Found up-to-date module file ../../../Engine/Plugins/Runtime/LocationServicesBPLibrary/Binaries/Win64/UE4Editor-LocationServicesBPLibrary.dll (API version 3709383).
LogModuleManager: Display: Found up-to-date module file ../../../Engine/Plugins/Runtime/MobilePatchingUtils/Binaries/Win64/UE4Editor-MobilePatchingUtils.dll (API version 3709383).
LogModuleManager: Display: Found up-to-date module file ../../../Engine/Plugins/Runtime/Oculus/OculusVR/Binaries/Win64/UE4Editor-OculusHMD.dll (API version 3709383).
LogModuleManager: Display: Found up-to-date module file ../../../Engine/Plugins/Runtime/Oculus/OculusVR/Binaries/Win64/UE4Editor-OculusInput.dll (API version 3709383).
LogModuleManager: Display: Found up-to-date module file ../../../Engine/Plugins/Runtime/Oculus/OculusVR/Binaries/Win64/UE4Editor-OculusEditor.dll (API version 3709383).
LogModuleManager: Display: Found up-to-date module file ../../../Engine/Plugins/Runtime/PhysXVehicles/Binaries/Win64/UE4Editor-PhysXVehicles.dll (API version 3709383).
LogModuleManager: Display: Found up-to-date module file ../../../Engine/Plugins/Runtime/PhysXVehicles/Binaries/Win64/UE4Editor-PhysXVehiclesEditor.dll (API version 3709383).
LogModuleManager: Display: Found up-to-date module file ../../../Engine/Plugins/Runtime/ProceduralMeshComponent/Binaries/Win64/UE4Editor-ProceduralMeshComponent.dll (API version 3709383).
LogModuleManager: Display: Found up-to-date module file ../../../Engine/Plugins/Runtime/ProceduralMeshComponent/Binaries/Win64/UE4Editor-ProceduralMeshComponentEditor.dll (API version 3709383).
LogModuleManager: Display: Found up-to-date module file ../../../Engine/Plugins/Runtime/RuntimePhysXCooking/Binaries/Win64/UE4Editor-RuntimePhysXCooking.dll (API version 3709383).
LogModuleManager: Display: Found up-to-date module file ../../../Engine/Plugins/Runtime/Steam/SteamVR/Binaries/Win64/UE4Editor-SteamVR.dll (API version 3709383).
LogModuleManager: Display: Found up-to-date module file ../../../Engine/Plugins/Runtime/Steam/SteamVR/Binaries/Win64/UE4Editor-SteamVRController.dll (API version 3709383).
LogModuleManager: Display: Found up-to-date module file ../../../Engine/Plugins/Runtime/WindowsMoviePlayer/Binaries/Win64/UE4Editor-WindowsMoviePlayer.dll (API version 3709383).
LogPluginManager: Mounting plugin Paper2D
LogPluginManager: Mounting plugin LightPropagationVolume
LogPluginManager: Mounting plugin CodeLiteSourceCodeAccess
LogPluginManager: Mounting plugin GitSourceControl
LogPluginManager: Mounting plugin KDevelopSourceCodeAccess
LogPluginManager: Mounting plugin NullSourceCodeAccess
LogPluginManager: Mounting plugin PerforceSourceControl
LogPluginManager: Mounting plugin SubversionSourceControl
LogPluginManager: Mounting plugin UObjectPlugin
LogPluginManager: Mounting plugin VisualStudioCodeSourceCodeAccess
LogPluginManager: Mounting plugin VisualStudioSourceCodeAccess
LogPluginManager: Mounting plugin XCodeSourceCodeAccess
LogPluginManager: Mounting plugin AssetManagerEditor
LogPluginManager: Mounting plugin AudioCapture
LogPluginManager: Mounting plugin FacialAnimation
LogPluginManager: Mounting plugin GameplayTagsEditor
LogPluginManager: Mounting plugin MobileLauncherProfileWizard
LogPluginManager: Mounting plugin PluginBrowser
LogPluginManager: Mounting plugin SpeedTreeImporter
LogPluginManager: Mounting plugin AlembicImporter
LogPluginManager: Mounting plugin CharacterAI
LogPluginManager: Mounting plugin HTML5Networking
LogPluginManager: Mounting plugin AndroidMedia
LogPluginManager: Mounting plugin AvfMedia
LogPluginManager: Mounting plugin ImgMedia
LogPluginManager: Mounting plugin MediaCompositing
LogPluginManager: Mounting plugin MediaPlayerEditor
LogPluginManager: Mounting plugin WmfMedia
LogPluginManager: Mounting plugin TcpMessaging
LogPluginManager: Mounting plugin UdpMessaging
LogPluginManager: Mounting plugin ActorSequence
LogPluginManager: Mounting plugin LevelSequenceEditor
LogPluginManager: Mounting plugin MatineeToLevelSequence
LogPluginManager: Mounting plugin OnlineSubsystemGooglePlay
LogPluginManager: Mounting plugin OnlineSubsystemIOS
LogPluginManager: Mounting plugin OnlineSubsystem
LogPluginManager: Mounting plugin OnlineSubsystemNull
LogPluginManager: Mounting plugin OnlineSubsystemUtils
LogPluginManager: Mounting plugin AndroidDeviceProfileSelector
LogPluginManager: Mounting plugin AndroidMoviePlayer
LogPluginManager: Mounting plugin AndroidPermission
LogPluginManager: Mounting plugin AppleARKit
LogPluginManager: Mounting plugin AppleMoviePlayer
LogPluginManager: Mounting plugin ArchVisCharacter
LogPluginManager: Mounting plugin CableComponent
LogPluginManager: Mounting plugin CustomMeshComponent
LogPluginManager: Mounting plugin ExampleDeviceProfileSelector
LogPluginManager: Mounting plugin GoogleCloudMessaging
LogPluginManager: Mounting plugin ImmediatePhysics
LogPluginManager: Mounting plugin IOSDeviceProfileSelector
LogPluginManager: Mounting plugin LinuxDeviceProfileSelector
LogPluginManager: Mounting plugin LocationServicesBPLibrary
LogPluginManager: Mounting plugin MobilePatchingUtils
LogPluginManager: Mounting plugin OculusVR
LogPluginManager: Plugin shader directory ../../../Engine/Plugins/Runtime/Oculus/OculusVR/Shaders found
LogPluginManager: Mapping shader source directory ../../../Engine/Plugins/Runtime/Oculus/OculusVR/Shaders to virtual directory /Plugin/OculusVR
LogPluginManager: Mounting plugin PhysXVehicles
LogPluginManager: Mounting plugin ProceduralMeshComponent
LogPluginManager: Mounting plugin RuntimePhysXCooking
LogPluginManager: Mounting plugin SteamVR
LogPluginManager: Mounting plugin WindowsMoviePlayer
LogInit: Using libcurl 7.47.1
LogInit:  - built for x86_64-pc-win32
LogInit:  - supports SSL with OpenSSL/1.0.2g
LogInit:  - supports HTTP deflate (compression) using libz 1.2.8
LogInit:  - other features:
LogInit:      CURL_VERSION_SSL
LogInit:      CURL_VERSION_LIBZ
LogInit:      CURL_VERSION_IPV6
LogInit:      CURL_VERSION_ASYNCHDNS
LogInit:      CURL_VERSION_LARGEFILE
LogInit:      CURL_VERSION_IDN
LogInit:  CurlRequestOptions (configurable via config and command line):
LogInit:  - bVerifyPeer = false  - Libcurl will NOT verify peer certificate
LogInit:  - bUseHttpProxy = false  - Libcurl will NOT use HTTP proxy
LogInit:  - bDontReuseConnections = false  - Libcurl will reuse connections
LogInit:  - CertBundlePath = nullptr  - Libcurl will use whatever was configured at build time.
LogInit: Build: ++UE4+Release-4.18-CL-3794801
LogInit: Engine Version: 4.18.2-3794801+++UE4+Release-4.18
LogInit: Compatible Engine Version: 4.18.0-3709383+++UE4+Release-4.18
LogInit: Net CL: 3709383
LogDevObjectVersion: Number of dev versions registered: 16
LogDevObjectVersion:   Dev-Blueprints (B0D832E4-1F89-4F0D-ACCF-7EB736FD4AA2): 10
LogDevObjectVersion:   Dev-Build (E1C64328-A22C-4D53-A36C-8E866417BD8C): 0
LogDevObjectVersion:   Dev-Core (375EC13C-06E4-48FB-B500-84F0262A717E): 2
LogDevObjectVersion:   Dev-Editor (E4B068ED-F494-42E9-A231-DA0B2E46BB41): 20
LogDevObjectVersion:   Dev-Framework (CFFC743F-43B0-4480-9391-14DF171D2073): 30
LogDevObjectVersion:   Dev-Mobile (B02B49B5-BB20-44E9-A304-32B752E40360): 0
LogDevObjectVersion:   Dev-Networking (A4E4105C-59A1-49B5-A7C5-40C4547EDFEE): 0
LogDevObjectVersion:   Dev-Online (39C831C9-5AE6-47DC-9A44-9C173E1C8E7C): 0
LogDevObjectVersion:   Dev-Physics (78F01B33-EBEA-4F98-B9B4-84EACCB95AA2): 0
LogDevObjectVersion:   Dev-Platform (6631380F-2D4D-43E0-8009-CF276956A95A): 0
LogDevObjectVersion:   Dev-Rendering (12F88B9F-8875-4AFC-A67C-D90C383ABD29): 20
LogDevObjectVersion:   Dev-Sequencer (7B5AE74C-D270-4C10-A958-57980B212A5A): 4
LogDevObjectVersion:   Dev-VR (D7296918-1DD6-4BDD-9DE2-64A83CC13884): 0
LogDevObjectVersion:   Dev-LoadTimes (C2A15278-BFE7-4AFE-6C17-90FF531DF755): 1
LogDevObjectVersion:   Private-Geometry (6EACA3D4-40EC-4CC1-B786-8BED09428FC5): 1
LogDevObjectVersion:   Dev-AnimPhys (29E575DD-E0A3-4627-9D10-D276232CDCEA): 12
LogInit: Compiled (64-bit): Dec  8 2017 02:04:53
LogInit: Compiled with Visual C++: 19.00.24215.01
LogInit: Build Configuration: Development
LogInit: Branch Name: ++UE4+Release-4.18
LogInit: Command line:  
LogInit: Base directory: C:/Program Files/Epic Games/UE_4.18/Engine/Binaries/Win64/
LogInit: Installed Engine Build: 1
LogInit: Presizing for max 8388607 objects, including 0 objects not considered by GC, pre-allocating 0 bytes for permanent pool.
LogInit: Object subsystem initialized
[2018.01.12-13.48.40:288][  0]LogInit: Selected Device Profile: [Windows]
[2018.01.12-13.48.40:289][  0]LogInit: Applying CVar settings loaded from the selected device profile: [Windows]
[2018.01.12-13.48.40:352][  0]LogInit: Computer: DESKTOP-DM246LS
[2018.01.12-13.48.40:352][  0]LogInit: User: ThomasLamson
[2018.01.12-13.48.40:352][  0]LogInit: CPU Page size=4096, Cores=2
[2018.01.12-13.48.40:352][  0]LogInit: High frequency timer resolution =2.435872 MHz
[2018.01.12-13.48.40:353][  0]LogMemory: Memory total: Physical=7.9GB (8GB approx)
[2018.01.12-13.48.40:353][  0]LogMemory: Platform Memory Stats for Windows
[2018.01.12-13.48.40:353][  0]LogMemory: Process Physical Memory: 272.89 MB used, 272.89 MB peak
[2018.01.12-13.48.40:353][  0]LogMemory: Process Virtual Memory: 269.09 MB used, 269.09 MB peak
[2018.01.12-13.48.40:353][  0]LogMemory: Physical Memory: 4098.95 MB used,  3978.59 MB free, 8077.54 MB total
[2018.01.12-13.48.40:353][  0]LogMemory: Virtual Memory: 640.35 MB used,  3978.59 MB free, 134217728.00 MB total
[2018.01.12-13.48.41:192][  0]LogInit: Using OS detected language (fr-FR).
[2018.01.12-13.48.41:192][  0]LogInit: Using OS detected locale (fr-FR).
[2018.01.12-13.48.41:208][  0]LogTextLocalizationManager: No localization for 'fr-FR' exists, so 'en' will be used for the language.
[2018.01.12-13.48.41:210][  0]LogTextLocalizationManager: No localization for 'fr-FR' exists, so 'en' will be used for the locale.
[2018.01.12-13.48.43:118][  0]LogInit: Setting process to per monitor DPI aware
[2018.01.12-13.48.44:597][  0]LogD3D11RHI: D3D11 adapters:
[2018.01.12-13.48.44:708][  0]LogD3D11RHI:    0. 'NVIDIA GeForce GT 740M' (Feature Level 11_0)
[2018.01.12-13.48.44:708][  0]LogD3D11RHI:       2019/0/4038 MB DedicatedVideo/DedicatedSystem/SharedSystem, Outputs:1, VendorId:0x10de
[2018.01.12-13.48.44:721][  0]LogD3D11RHI:    1. 'Intel(R) HD Graphics 4000' (Feature Level 11_0)
[2018.01.12-13.48.44:721][  0]LogD3D11RHI:       32/0/1760 MB DedicatedVideo/DedicatedSystem/SharedSystem, Outputs:0, VendorId:0x8086
[2018.01.12-13.48.44:727][  0]LogD3D11RHI:    2. 'Microsoft Basic Render Driver' (Feature Level 11_0)
[2018.01.12-13.48.44:727][  0]LogD3D11RHI:       0/0/4038 MB DedicatedVideo/DedicatedSystem/SharedSystem, Outputs:0, VendorId:0x1414
[2018.01.12-13.48.44:728][  0]LogD3D11RHI: Chosen D3D11 Adapter: 0
[2018.01.12-13.48.44:751][  0]LogD3D11RHI: Creating new Direct3DDevice
[2018.01.12-13.48.44:751][  0]LogD3D11RHI:     GPU DeviceId: 0xfdf (for the marketing name, search the web for "GPU Device Id")
[2018.01.12-13.48.44:751][  0]LogWindows: EnumDisplayDevices:
[2018.01.12-13.48.44:751][  0]LogWindows:    0. 'Intel(R) HD Graphics 4000' (P:1 D:1)
[2018.01.12-13.48.44:752][  0]LogWindows:    1. 'Intel(R) HD Graphics 4000' (P:0 D:0)
[2018.01.12-13.48.44:753][  0]LogWindows:    2. 'Intel(R) HD Graphics 4000' (P:0 D:0)
[2018.01.12-13.48.44:754][  0]LogWindows: DebugString: PrimaryIsNotTheChoosenAdapter PrimaryIsNotTheChoosenAdapter PrimaryIsNotTheChoosenAdapter FoundDriverCount:0 
[2018.01.12-13.48.44:754][  0]LogD3D11RHI:     Adapter Name: NVIDIA GeForce GT 740M
[2018.01.12-13.48.44:754][  0]LogD3D11RHI:   Driver Version: Unknown (internal:Unknown, unified:Unknown)
[2018.01.12-13.48.44:754][  0]LogD3D11RHI:      Driver Date: Unknown
[2018.01.12-13.48.44:754][  0]LogRHI: Texture pool is 1413 MB (70% of 2019 MB)
[2018.01.12-13.48.44:832][  0]LogD3D11RHI: Async texture creation enabled
[2018.01.12-13.48.44:870][  0]LogD3D11RHI: GPU Timing Frequency: 1000.000000 (Debug: 2 1)
[2018.01.12-13.48.44:873][  0]LogShaderCompilers: Guid format shader working directory is -12 characters bigger than the processId version (../../../../../../Users/Thomas Lamson/Documents/Unreal Projects/Ao/Intermediate/Shaders/WorkingDirectory/4796/).
[2018.01.12-13.48.44:873][  0]LogShaderCompilers: Cleaned the shader compiler working directory 'C:/Users/Thomas Lamson/AppData/Local/Temp/UnrealShaderWorkingDir/C8CFF9344710096D025D0B8D6EC7A1CD/'.
[2018.01.12-13.48.44:873][  0]LogShaderCompilers: Display: Using Local Shader Compiler.
[2018.01.12-13.48.50:050][  0]LogTemp: Display: Loaded TP AllDesktopTargetPlatform
[2018.01.12-13.48.50:366][  0]LogTemp: Display: Loaded TP MacClientTargetPlatform
[2018.01.12-13.48.50:665][  0]LogTemp: Display: Loaded TP MacNoEditorTargetPlatform
[2018.01.12-13.48.50:965][  0]LogTemp: Display: Loaded TP MacServerTargetPlatform
[2018.01.12-13.48.51:279][  0]LogTemp: Display: Loaded TP MacTargetPlatform
[2018.01.12-13.48.51:579][  0]LogTemp: Display: Loaded TP WindowsClientTargetPlatform
[2018.01.12-13.48.51:877][  0]LogTemp: Display: Loaded TP WindowsNoEditorTargetPlatform
[2018.01.12-13.48.52:200][  0]LogTemp: Display: Loaded TP WindowsServerTargetPlatform
[2018.01.12-13.48.52:460][  0]LogTemp: Display: Loaded TP WindowsTargetPlatform
[2018.01.12-13.48.52:834][  0]LogTemp: Display: Loaded TP Android_ASTCTargetPlatform
[2018.01.12-13.48.53:192][  0]LogTemp: Display: Loaded TP Android_ATCTargetPlatform
[2018.01.12-13.48.53:486][  0]LogTemp: Display: Loaded TP Android_DXTTargetPlatform
[2018.01.12-13.48.53:779][  0]LogTemp: Display: Loaded TP Android_ETC1TargetPlatform
[2018.01.12-13.48.54:074][  0]LogTemp: Display: Loaded TP Android_ETC2TargetPlatform
[2018.01.12-13.48.54:658][  0]LogTemp: Display: Loaded TP Android_MultiTargetPlatform
[2018.01.12-13.48.54:658][  0]LogTemp: Display: Loaded TP Android_PVRTCTargetPlatform
[2018.01.12-13.48.54:950][  0]LogTemp: Display: Loaded TP AndroidTargetPlatform
[2018.01.12-13.48.55:198][  0]LogTemp: Display: Loaded TP HTML5TargetPlatform
[2018.01.12-13.48.55:623][  0]LogTemp: Display: Loaded TP IOSTargetPlatform
[2018.01.12-13.48.55:780][  0]LogTemp: Display: Loaded TP TVOSTargetPlatform
[2018.01.12-13.48.56:074][  0]LogTemp: Display: Loaded TP LinuxClientTargetPlatform
[2018.01.12-13.48.56:373][  0]LogTemp: Display: Loaded TP LinuxNoEditorTargetPlatform
[2018.01.12-13.48.56:667][  0]LogTemp: Display: Loaded TP LinuxServerTargetPlatform
[2018.01.12-13.48.56:962][  0]LogTemp: Display: Loaded TP LinuxTargetPlatform
[2018.01.12-13.48.56:963][  0]LogTargetPlatformManager: Display: Building Assets For Windows
[2018.01.12-13.48.59:926][  0]LogDerivedDataCache: Display: Max Cache Size: 512 MB
[2018.01.12-13.49.00:337][  0]LogDerivedDataCache: Loaded boot cache 0.41s 78MB C:/Users/Thomas Lamson/AppData/Local/UnrealEngine/4.18/DerivedDataCache/Boot.ddc.
[2018.01.12-13.49.00:337][  0]LogDerivedDataCache: Display: Loaded Boot cache: C:/Users/Thomas Lamson/AppData/Local/UnrealEngine/4.18/DerivedDataCache/Boot.ddc
[2018.01.12-13.49.00:337][  0]LogDerivedDataCache: FDerivedDataBackendGraph:  Pak pak cache file ../../../../../../Users/Thomas Lamson/Documents/Unreal Projects/Ao/DerivedDataCache/DDC.ddp not found, will not use a pak cache.
[2018.01.12-13.49.00:338][  0]LogDerivedDataCache: Unable to find inner node Pak for hierarchical cache Hierarchy.
[2018.01.12-13.49.00:338][  0]LogDerivedDataCache: FDerivedDataBackendGraph:  CompressedPak pak cache file ../../../../../../Users/Thomas Lamson/Documents/Unreal Projects/Ao/DerivedDataCache/Compressed.ddp not found, will not use a pak cache.
[2018.01.12-13.49.00:338][  0]LogDerivedDataCache: Unable to find inner node CompressedPak for hierarchical cache Hierarchy.
[2018.01.12-13.49.00:415][  0]LogDerivedDataCache: Display: Pak cache opened for reading ../../../Engine/DerivedDataCache/Compressed.ddp.
[2018.01.12-13.49.00:431][  0]LogDerivedDataCache: Using Local data cache path C:/Users/Thomas Lamson/AppData/Local/UnrealEngine/Common/DerivedDataCache: Writable
[2018.01.12-13.49.00:484][  0]LogMaterial: Verifying Global Shaders for PCD3D_SM5
[2018.01.12-13.49.00:485][  0]LogSlate: Using Freetype 2.6.0
[2018.01.12-13.49.00:487][  0]LogSlate: SlateFontCache - WITH_FREETYPE: 1, WITH_HARFBUZZ: 1
[2018.01.12-13.49.00:487][  0]LogSlate: SlateFontCache - WITH_FREETYPE: 1, WITH_HARFBUZZ: 1
[2018.01.12-13.49.03:035][  0]LogInit: Selected Device Profile: [Windows]
[2018.01.12-13.49.05:003][  0]LogSimplygon: Simplygon DLL not present - disabling.
[2018.01.12-13.49.05:303][  0]LogMeshReduction: Using SimplygonSwarm for distributed automatic mesh merging
[2018.01.12-13.49.05:303][  0]LogMeshReduction: Using QuadricMeshReduction for automatic static mesh reduction
[2018.01.12-13.49.05:303][  0]LogMeshReduction: No automatic skeletal mesh reduction module available
[2018.01.12-13.49.05:303][  0]LogMeshReduction: No automatic mesh merging module available
[2018.01.12-13.49.05:303][  0]LogMeshMerging: No automatic mesh merging module available
[2018.01.12-13.49.05:455][  0]LogNetVersion: Ao , NetCL: 3709383, EngineNetVer: 2, GameNetVer: 0 (Checksum: 2840376574)
[2018.01.12-13.49.06:244][  0]LogAssetRegistry: FAssetRegistry took 0.0495 seconds to start up
[2018.01.12-13.49.09:439][  0]LogPackageLocalizationCache: Processed 7 localized package path(s) for 1 prioritized culture(s) in 0.518966 seconds
[2018.01.12-13.49.09:458][  0]LogUObjectArray: 35900 objects as part of root set at end of initial load.
[2018.01.12-13.49.09:458][  0]LogUObjectAllocator: 7372024 out of 0 bytes used by permanent object pool.
[2018.01.12-13.49.09:458][  0]LogUObjectArray: CloseDisregardForGC: 0/0 objects in disregard for GC pool
[2018.01.12-13.49.09:858][  0]LogInit: WinSock: version 1.1 (2.2), MaxSocks=32767, MaxUdp=65467
[2018.01.12-13.49.44:344][  0]LogTcpMessaging: Initializing TcpMessaging bridge
[2018.01.12-13.49.44:529][  0]LogUdpMessaging: Initializing bridge on interface 0.0.0.0:0 to multicast group 230.0.0.1:6666.
[2018.01.12-13.49.48:594][  0]LogMaterial: Uniform references updated for custom material expression Custom.
[2018.01.12-13.49.51:074][  0]SourceControl: Source control is disabled
[2018.01.12-13.49.51:075][  0]SourceControl: Source control is disabled
[2018.01.12-13.49.51:396][  0]SourceControl: Source control is disabled
[2018.01.12-13.49.51:698][  0]SourceControl: Source control is disabled
[2018.01.12-13.49.56:902][  0]LogAndroidPermission: UAndroidPermissionCallbackProxy::GetInstance
[2018.01.12-13.49.58:470][  0]LogOcInput: OculusInput pre-init called
[2018.01.12-13.50.00:274][  0]LogEngine: Initializing Engine...
[2018.01.12-13.50.00:287][  0]LogHMD: Failed to initialize OpenVR with code 110
[2018.01.12-13.50.01:894][  0]LogStats: UGameplayTagsManager::ConstructGameplayTagTree: Construct from data asset -  0.000 s
[2018.01.12-13.50.01:895][  0]LogStats: UGameplayTagsManager::ConstructGameplayTagTree: GameplayTagTreeChangedEvent.Broadcast -  0.000 s
[2018.01.12-13.50.02:677][  0]LogAIModule: Creating AISystem for world Untitled
[2018.01.12-13.50.02:713][  0]LogInit: XAudio2 using 'Haut-parleurs (Realtek High Definition Audio)' : 2 channels at 48 kHz using 32 bits per sample (channel mask 0x3)
[2018.01.12-13.50.03:105][  0]LogInit: FAudioDevice initialized.
[2018.01.12-13.50.03:445][  0]LogDerivedDataCache: Saved boot cache 0.34s 78MB C:/Users/Thomas Lamson/AppData/Local/UnrealEngine/4.18/DerivedDataCache/Boot.ddc.
[2018.01.12-13.50.03:502][  0]LogInit: Texture streaming: Enabled
[2018.01.12-13.50.04:096][  0]LogEngineSessionManager: EngineSessionManager initialized
[2018.01.12-13.50.04:872][  0]LogInit: Transaction tracking system initialized
[2018.01.12-13.50.07:028][  0]BlueprintLog: New page: Editor Load
[2018.01.12-13.50.12:572][  0]LocalizationService: Localization service is disabled
[2018.01.12-13.50.17:061][  0]LogConsoleResponse: Display: 
[2018.01.12-13.50.18:952][  0]LogCook: Display: Max memory allowance for cook 16384mb min free memory 0mb
[2018.01.12-13.50.18:952][  0]LogCook: Display: Mobile HDR setting 1
[2018.01.12-13.50.18:952][  0]LogGameplayTags: Display: UGameplayTagsManager::DoneAddingNativeTags. DelegateIsBound: 0
[2018.01.12-13.50.19:376][  0]LogFileCache: Scanning file cache for directory 'C:/Users/Thomas Lamson/Documents/Unreal Projects/Ao/Content/' took 0.03s
[2018.01.12-13.50.26:555][  0]SourceControl: Source control is disabled
[2018.01.12-13.50.26:555][  0]Cmd: MAP LOAD FILE="../../../Engine/Content/Maps/Templates/Template_Default.umap" TEMPLATE=1 SHOWPROGRESS=1 FEATURELEVEL=3
[2018.01.12-13.50.26:557][  0]LightingResults: New page: Lighting Build
[2018.01.12-13.50.26:805][  0]MapCheck: New page: Map Check
[2018.01.12-13.50.26:805][  0]LightingResults: New page: Lighting Build
[2018.01.12-13.50.28:183][  0]LogAIModule: Creating AISystem for world Untitled_1
[2018.01.12-13.50.28:217][  0]LogEditorServer: Finished looking for orphan Actors (0.000 secs)
[2018.01.12-13.50.28:291][  0]Cmd: MAP CHECKDEP NOCLEARLOG
[2018.01.12-13.50.28:570][  0]MapCheck: Map check complete: 0 Error(s), 0 Warning(s), took 278.567ms to complete.
[2018.01.12-13.50.28:571][  0]LogFileHelpers: Loading map 'Template_Default' took 2.016
[2018.01.12-13.50.29:260][  0]LogCollectionManager: Loaded 0 collections in 0.007605 seconds
[2018.01.12-13.50.29:560][  0]LogFileCache: Scanning file cache for directory 'C:/Users/Thomas Lamson/Documents/Unreal Projects/Ao/Saved/Collections/' took 0.01s
[2018.01.12-13.50.29:560][  0]LogFileCache: Scanning file cache for directory 'C:/Users/Thomas Lamson/Documents/Unreal Projects/Ao/Content/Developers/ThomasLamson/Collections/' took 0.01s
[2018.01.12-13.50.29:561][  0]LogFileCache: Scanning file cache for directory 'C:/Users/Thomas Lamson/Documents/Unreal Projects/Ao/Content/Collections/' took 0.01s
[2018.01.12-13.50.29:561][  0]LogCollectionManager: Rebuilt the GUID cache for 0 collections in 0.000001 seconds
[2018.01.12-13.50.29:606][  0]LogContentBrowser: Native class hierarchy populated in 0.0447 seconds. Added 2363 classes and 519 folders.
[2018.01.12-13.50.30:000][  0]LogContentBrowser: Native class hierarchy updated for 'WidgetCarousel' in 0.0010 seconds. Added 0 classes and 0 folders.
[2018.01.12-13.50.30:849][  0]LogContentBrowser: Native class hierarchy updated for 'AddContentDialog' in 0.0009 seconds. Added 0 classes and 0 folders.
[2018.01.12-13.50.31:151][  0]LogContentBrowser: Native class hierarchy updated for 'SceneOutliner' in 0.0012 seconds. Added 1 classes and 2 folders.
[2018.01.12-13.50.31:273][  0]LogSlate: Took 0.000873 seconds to synchronously load lazily loaded font '../../../Engine/Content/Slate/Fonts/Roboto-Regular.ttf' (155K)
[2018.01.12-13.50.31:283][  0]LogSlate: Took 0.000904 seconds to synchronously load lazily loaded font '../../../Engine/Content/Slate/Fonts/Roboto-Bold.ttf' (160K)
[2018.01.12-13.50.31:383][  0]LogSlate: Took 0.047631 seconds to synchronously load lazily loaded font '../../../Engine/Content/Editor/Slate/Fonts/FontAwesome.ttf' (139K)
[2018.01.12-13.50.31:933][  0]LogRenderer: Reallocating scene render targets to support 820x408 Format 10 NumSamples 1 (Frame:1).
[2018.01.12-13.50.32:655][  0]LogContentBrowser: Native class hierarchy updated for 'HierarchicalLODOutliner' in 0.0010 seconds. Added 1 classes and 2 folders.
[2018.01.12-13.50.32:655][  0]LogLoad: (Engine Initialization) Total time: 124.13 seconds
[2018.01.12-13.50.32:655][  0]LogLoad: (Engine Initialization) Total Blueprint compile time: 0.00 seconds
[2018.01.12-13.50.32:655][  0]LogExternalProfiler: Found external profiler: VSPerf
[2018.01.12-13.50.32:655][  0]LogExternalProfiler: Using external profiler: VSPerf
[2018.01.12-13.50.33:027][  0]LogContentStreaming: Texture pool size now 1000 MB
[2018.01.12-13.50.34:687][  5]LogAssetRegistry: Asset discovery search completed in 88.4667 seconds
[2018.01.12-13.50.34:693][  5]LogCollectionManager: Rebuilt the object cache for 0 collections in 0.000001 seconds (found 0 objects)
[2018.01.12-13.50.34:693][  5]LogCollectionManager: Fixed up redirectors for 0 collections in 0.000216 seconds (updated 0 objects)
[2018.01.12-13.50.37:356][ 13]LogSlate: Took 0.000728 seconds to synchronously load lazily loaded font '../../../Engine/Content/Slate/Fonts/Roboto-Light.ttf' (159K)
[2018.01.12-13.51.40:091][391]LogSlate: Took 0.000853 seconds to synchronously load lazily loaded font '../../../Engine/Content/Slate/Fonts/Roboto-Light.ttf' (159K)
[2018.01.12-13.51.40:297][391]LogFactory: FactoryCreateFile: Texture with ReimportTextureFactory (0 0 ../../../../../../Users/Thomas Lamson/Documents/Unreal Projects/Ao/Resources/Test/TemplateTileset.png)
[2018.01.12-13.51.40:309][391]LogTexture: Display: Building textures: TemplateTileset (BGRA8, 97X87)
[2018.01.12-13.51.42:355][432]LogContentBrowser: Native class hierarchy updated for 'TextureEditor' in 0.0008 seconds. Added 1 classes and 2 folders.
[2018.01.12-13.51.54:965][745]Cmd: OBJ SAVEPACKAGE PACKAGE="/Game/Sprites/Test/TemplateTileset" FILE="../../../../../../Users/Thomas Lamson/Documents/Unreal Projects/Ao/Content/Sprites/Test/TemplateTileset.uasset" SILENT=true
[2018.01.12-13.51.55:006][745]LogSavePackage: Save=30.85ms
[2018.01.12-13.51.55:007][745]LogSavePackage: Moving '../../../../../../Users/Thomas Lamson/Documents/Unreal Projects/Ao/Saved/TemplateTileset420C180F4B92BE2A0A1C9695EED58545.tmp' to '../../../../../../Users/Thomas Lamson/Documents/Unreal Projects/Ao/Content/Sprites/Test/TemplateTileset.uasset'
[2018.01.12-13.51.55:025][745]LogSavePackage: Display: Finished SavePackage ../../../../../../Users/Thomas Lamson/Documents/Unreal Projects/Ao/Content/Sprites/Test/TemplateTileset.uasset
[2018.01.12-13.52.06:896][107]LogSlate: Took 0.000858 seconds to synchronously load lazily loaded font '../../../Engine/Content/Editor/Slate/Fonts/Roboto-BoldCondensed.ttf' (158K)
[2018.01.12-13.58.18:601][480]LogRenderer: Reallocating scene render targets to support 820x628 Format 10 NumSamples 1 (Frame:13326).
[2018.01.12-14.00.45:285][607]LogSlate: Took 0.000702 seconds to synchronously load lazily loaded font '../../../Engine/Content/Slate/Fonts/Roboto-Light.ttf' (159K)
[2018.01.12-14.00.54:636][832]LogFileHelpers: Editor autosave (incl. sublevels) for '/Temp/Untitled_1' took 0.077
[2018.01.12-14.00.54:655][832]OBJ SavePackage: Generating thumbnails for [1] asset(s) in package [/Game/Sprites/Test/TemplateTileset_TileSet] ([1] browsable assets)...
[2018.01.12-14.00.54:712][832]OBJ SavePackage:     Rendered thumbnail for [PaperTileSet /Game/Sprites/Test/TemplateTileset_TileSet.TemplateTileset_TileSet]
[2018.01.12-14.00.54:712][832]OBJ SavePackage: Finished generating thumbnails for package [/Game/Sprites/Test/TemplateTileset_TileSet]
[2018.01.12-14.00.54:850][832]LogSavePackage: Save=124.79ms
[2018.01.12-14.00.54:852][832]LogSavePackage: Moving '../../../../../../Users/Thomas Lamson/Documents/Unreal Projects/Ao/Saved/TemplateTileset_TileSet_Auto1B5343EC4421EEE40967EBABD7F570EB9.tmp' to '../../../../../../Users/Thomas Lamson/Documents/Unreal Projects/Ao/Saved/Autosaves/Game/Sprites/Test/TemplateTileset_TileSet_Auto1.uasset'
[2018.01.12-14.00.54:863][832]LogSavePackage: Display: Finished SavePackage ../../../../../../Users/Thomas Lamson/Documents/Unreal Projects/Ao/Saved/Autosaves/Game/Sprites/Test/TemplateTileset_TileSet_Auto1.uasset
[2018.01.12-14.00.54:864][832]LogFileHelpers: Auto-saving content packages took 0.212
[2018.01.12-14.14.48:976][637]Cmd: TRANSACTION UNDO
[2018.01.12-14.14.48:976][637]LogEditorTransaction: Undo Add Box Shape
[2018.01.12-14.17.10:703][284]Cmd: CLOSE_SLATE_MAINFRAME
[2018.01.12-14.17.42:183][969]LogPaper2D: Triangulation of poly failed.
[2018.01.12-14.17.42:200][970]LogPaper2D: Triangulation of poly failed.
[2018.01.12-14.17.42:216][971]LogPaper2D: Triangulation of poly failed.
[2018.01.12-14.17.42:263][972]LogPaper2D: Triangulation of poly failed.
[2018.01.12-14.17.42:302][973]LogPaper2D: Triangulation of poly failed.
[2018.01.12-14.17.42:342][974]LogPaper2D: Triangulation of poly failed.
[2018.01.12-14.17.42:382][975]LogPaper2D: Triangulation of poly failed.
[2018.01.12-14.17.42:433][976]LogPaper2D: Triangulation of poly failed.
[2018.01.12-14.17.42:471][977]LogPaper2D: Triangulation of poly failed.
[2018.01.12-14.17.42:515][978]LogPaper2D: Triangulation of poly failed.
[2018.01.12-14.17.42:565][979]LogPaper2D: Triangulation of poly failed.
[2018.01.12-14.19.16:956][290]Cmd: TRANSACTION UNDO
[2018.01.12-14.19.16:956][290]LogEditorTransaction: Undo Add Box Shape
[2018.01.12-14.19.17:880][312]Cmd: TRANSACTION UNDO
[2018.01.12-14.19.17:880][312]LogEditorTransaction: Undo Add Box Shape
[2018.01.12-14.19.18:320][322]Cmd: TRANSACTION UNDO
[2018.01.12-14.19.18:321][322]LogEditorTransaction: Undo Add Box Shape
[2018.01.12-14.19.18:717][331]Cmd: TRANSACTION UNDO
[2018.01.12-14.19.18:717][331]LogEditorTransaction: Undo Add Box Shape
[2018.01.12-14.20.00:180][251]LogSavePackage: Save=193.87ms
[2018.01.12-14.20.00:180][251]LogSavePackage: Moving '../../../../../../Users/Thomas Lamson/Documents/Unreal Projects/Ao/Saved/TemplateTileset_TileSetD16ADD9F43E2835F6E756FB63F5ED800.tmp' to '../../../../../../Users/Thomas Lamson/Documents/Unreal Projects/Ao/Content/Sprites/Test/TemplateTileset_TileSet.uasset'
[2018.01.12-14.20.00:255][251]LogSavePackage: Display: Finished SavePackage ../../../../../../Users/Thomas Lamson/Documents/Unreal Projects/Ao/Content/Sprites/Test/TemplateTileset_TileSet.uasset
[2018.01.12-14.20.18:245][793]LogRenderer: Reallocating scene render targets to support 828x652 Format 10 NumSamples 1 (Frame:1).
[2018.01.12-14.21.04:765][ 37]Cmd: TRANSACTION UNDO
[2018.01.12-14.21.04:765][ 37]LogEditorTransaction: Undo Tile Painting
[2018.01.12-14.21.50:614][210]Cmd: OBJ SAVEPACKAGE PACKAGE="/Game/Sprites/Test/TemplateTileMap" FILE="../../../../../../Users/Thomas Lamson/Documents/Unreal Projects/Ao/Content/Sprites/Test/TemplateTileMap.uasset" SILENT=true
[2018.01.12-14.21.50:685][210]LogSavePackage: Save=58.01ms
[2018.01.12-14.21.50:685][210]LogSavePackage: Moving '../../../../../../Users/Thomas Lamson/Documents/Unreal Projects/Ao/Saved/TemplateTileMap44BB59AF49085E85D9B46AA00C6F88C3.tmp' to '../../../../../../Users/Thomas Lamson/Documents/Unreal Projects/Ao/Content/Sprites/Test/TemplateTileMap.uasset'
[2018.01.12-14.21.50:703][210]LogSavePackage: Display: Finished SavePackage ../../../../../../Users/Thomas Lamson/Documents/Unreal Projects/Ao/Content/Sprites/Test/TemplateTileMap.uasset
[2018.01.12-14.22.01:031][498]LogAIModule: Creating AISystem for world TestsMap
[2018.01.12-14.22.01:113][498]Cmd: MAP LOAD FILE="../../../../../../Users/Thomas Lamson/Documents/Unreal Projects/Ao/Content/Maps/TestsMap.umap" TEMPLATE=0 SHOWPROGRESS=1 FEATURELEVEL=3
[2018.01.12-14.22.01:114][498]LightingResults: New page: Lighting Build
[2018.01.12-14.22.01:118][498]LoadErrors: New page: Loading map: TestsMap.umap
[2018.01.12-14.22.01:119][498]MapCheck: New page: Map Check
[2018.01.12-14.22.01:120][498]LightingResults: New page: Lighting Build
[2018.01.12-14.22.01:196][498]LogEditorServer: Finished looking for orphan Actors (0.000 secs)
[2018.01.12-14.22.01:426][498]Cmd: MAP CHECKDEP NOCLEARLOG
[2018.01.12-14.22.08:602][498]MapCheck: Map check complete: 0 Error(s), 0 Warning(s), took 7,175.057ms to complete.
[2018.01.12-14.22.08:649][498]LogFileHelpers: Loading map 'TestsMap' took 7.538
[2018.01.12-14.22.08:668][498]LogSlate: Took 0.015785 seconds to synchronously load lazily loaded font '../../../Engine/Content/Slate/Fonts/Roboto-Regular.ttf' (155K)
[2018.01.12-14.22.11:116][574]LogTemp: Repeating last play command: New Editor Window (PIE)
[2018.01.12-14.22.11:457][574]LogPlayLevel: PlayLevel: No blueprints needed recompiling
[2018.01.12-14.22.11:460][574]PIE: New page: PIE session: TestsMap (Jan 12, 2018, 4:22:11 PM)
[2018.01.12-14.22.11:460][574]LogPlayLevel: Creating play world package: /Game/Maps/UEDPIE_0_TestsMap
[2018.01.12-14.22.11:466][574]LogPlayLevel: PIE: StaticDuplicateObject took: (0.005568s)
[2018.01.12-14.22.11:468][574]LogAIModule: Creating AISystem for world TestsMap
[2018.01.12-14.22.11:469][574]LogPlayLevel: PIE: World Init took: (0.002870s)
[2018.01.12-14.22.11:470][574]LogPlayLevel: PIE: Created PIE world by copying editor world from /Game/Maps/TestsMap.TestsMap to /Game/Maps/UEDPIE_0_TestsMap.TestsMap (0.009604s)
[2018.01.12-14.22.11:562][574]LogInit: XAudio2 using 'Haut-parleurs (Realtek High Definition Audio)' : 2 channels at 48 kHz using 32 bits per sample (channel mask 0x3)
[2018.01.12-14.22.11:632][574]LogInit: FAudioDevice initialized.
[2018.01.12-14.22.11:942][574]LogLoad: Game class is 'AoGameMode_C'
[2018.01.12-14.22.11:952][574]LogWorld: Bringing World /Game/Maps/UEDPIE_0_TestsMap.TestsMap up for play (max tick rate 60) at 2018.01.12-15.22.11
[2018.01.12-14.22.11:956][574]LogWorld: Bringing up level for play took: 0.006548
[2018.01.12-14.22.12:316][574]LogContentBrowser: Native class hierarchy updated for 'MovieSceneCapture' in 0.0025 seconds. Added 11 classes and 0 folders.
[2018.01.12-14.22.12:341][574]PIE: Play in editor start time for /Game/Maps/UEDPIE_0_TestsMap 0.138
[2018.01.12-14.22.12:482][574]LogRenderer: Reallocating scene render targets to support 1292x756 Format 10 NumSamples 1 (Frame:1).
[2018.01.12-14.22.14:983][643]LogEditorViewport: Clicking on Actor (LMB): SpotLight (SpotLight)
[2018.01.12-14.22.17:738][713]LogTemp: Repeating last play command: New Editor Window (PIE)
[2018.01.12-14.22.17:844][713]LogPlayLevel: PlayLevel: No blueprints needed recompiling
[2018.01.12-14.22.17:845][713]PIE: New page: PIE session: TestsMap (Jan 12, 2018, 4:22:17 PM)
[2018.01.12-14.22.17:846][713]LogPlayLevel: Creating play world package: /Game/Maps/UEDPIE_0_TestsMap
[2018.01.12-14.22.17:854][713]LogPlayLevel: PIE: StaticDuplicateObject took: (0.008321s)
[2018.01.12-14.22.17:856][713]LogAIModule: Creating AISystem for world TestsMap
[2018.01.12-14.22.17:858][713]LogPlayLevel: PIE: World Init took: (0.003425s)
[2018.01.12-14.22.17:859][713]LogPlayLevel: PIE: Created PIE world by copying editor world from /Game/Maps/TestsMap.TestsMap to /Game/Maps/UEDPIE_0_TestsMap.TestsMap (0.013191s)
[2018.01.12-14.22.17:965][713]LogInit: XAudio2 using 'Haut-parleurs (Realtek High Definition Audio)' : 2 channels at 48 kHz using 32 bits per sample (channel mask 0x3)
[2018.01.12-14.22.18:025][713]LogInit: FAudioDevice initialized.
[2018.01.12-14.22.18:079][713]LogLoad: Game class is 'AoGameMode_C'
[2018.01.12-14.22.18:080][713]LogWorld: Bringing World /Game/Maps/UEDPIE_0_TestsMap.TestsMap up for play (max tick rate 60) at 2018.01.12-15.22.18
[2018.01.12-14.22.18:081][713]LogWorld: Bringing up level for play took: 0.001415
[2018.01.12-14.22.18:090][713]PIE: Play in editor start time for /Game/Maps/UEDPIE_0_TestsMap -0.112
[2018.01.12-14.22.23:174][848]LogEditorViewport: Clicking on Actor (LMB): PaperSpriteActor (PurpleBackground_Sprite)
[2018.01.12-14.22.30:270][ 33]LogTemp: Repeating last play command: New Editor Window (PIE)
[2018.01.12-14.22.30:368][ 33]LogPlayLevel: PlayLevel: No blueprints needed recompiling
[2018.01.12-14.22.30:368][ 33]PIE: New page: PIE session: TestsMap (Jan 12, 2018, 4:22:30 PM)
[2018.01.12-14.22.30:369][ 33]LogPlayLevel: Creating play world package: /Game/Maps/UEDPIE_0_TestsMap
[2018.01.12-14.22.30:376][ 33]LogPlayLevel: PIE: StaticDuplicateObject took: (0.006777s)
[2018.01.12-14.22.30:378][ 33]LogAIModule: Creating AISystem for world TestsMap
[2018.01.12-14.22.30:379][ 33]LogPlayLevel: PIE: World Init took: (0.002876s)
[2018.01.12-14.22.30:380][ 33]LogPlayLevel: PIE: Created PIE world by copying editor world from /Game/Maps/TestsMap.TestsMap to /Game/Maps/UEDPIE_0_TestsMap.TestsMap (0.010830s)
[2018.01.12-14.22.30:465][ 33]LogInit: XAudio2 using 'Haut-parleurs (Realtek High Definition Audio)' : 2 channels at 48 kHz using 32 bits per sample (channel mask 0x3)
[2018.01.12-14.22.30:534][ 33]LogInit: FAudioDevice initialized.
[2018.01.12-14.22.30:646][ 33]LogLoad: Game class is 'AoGameMode_C'
[2018.01.12-14.22.30:652][ 33]LogWorld: Bringing World /Game/Maps/UEDPIE_0_TestsMap.TestsMap up for play (max tick rate 60) at 2018.01.12-15.22.30
[2018.01.12-14.22.30:653][ 33]LogWorld: Bringing up level for play took: 0.004044
[2018.01.12-14.22.30:675][ 33]PIE: Play in editor start time for /Game/Maps/UEDPIE_0_TestsMap 0.472
[2018.01.12-14.22.35:061][149]LogEditorViewport: Clicking on Actor (LMB): PaperSpriteActor (PurpleBackground_Sprite)
[2018.01.12-14.22.38:389][237]LogTemp: Repeating last play command: New Editor Window (PIE)
[2018.01.12-14.22.38:478][237]LogPlayLevel: PlayLevel: No blueprints needed recompiling
[2018.01.12-14.22.38:479][237]PIE: New page: PIE session: TestsMap (Jan 12, 2018, 4:22:38 PM)
[2018.01.12-14.22.38:479][237]LogPlayLevel: Creating play world package: /Game/Maps/UEDPIE_0_TestsMap
[2018.01.12-14.22.38:484][237]LogPlayLevel: PIE: StaticDuplicateObject took: (0.005329s)
[2018.01.12-14.22.38:487][237]LogAIModule: Creating AISystem for world TestsMap
[2018.01.12-14.22.38:488][237]LogPlayLevel: PIE: World Init took: (0.003174s)
[2018.01.12-14.22.38:489][237]LogPlayLevel: PIE: Created PIE world by copying editor world from /Game/Maps/TestsMap.TestsMap to /Game/Maps/UEDPIE_0_TestsMap.TestsMap (0.009530s)
[2018.01.12-14.22.38:575][237]LogInit: XAudio2 using 'Haut-parleurs (Realtek High Definition Audio)' : 2 channels at 48 kHz using 32 bits per sample (channel mask 0x3)
[2018.01.12-14.22.38:638][237]LogInit: FAudioDevice initialized.
[2018.01.12-14.22.38:748][237]LogLoad: Game class is 'AoGameMode_C'
[2018.01.12-14.22.38:753][237]LogWorld: Bringing World /Game/Maps/UEDPIE_0_TestsMap.TestsMap up for play (max tick rate 60) at 2018.01.12-15.22.38
[2018.01.12-14.22.38:754][237]LogWorld: Bringing up level for play took: 0.004223
[2018.01.12-14.22.38:774][237]PIE: Play in editor start time for /Game/Maps/UEDPIE_0_TestsMap 0.571
[2018.01.12-14.23.00:834][774]LogTemp: Repeating last play command: New Editor Window (PIE)
[2018.01.12-14.23.00:991][774]LogPlayLevel: PlayLevel: No blueprints needed recompiling
[2018.01.12-14.23.00:992][774]PIE: New page: PIE session: TestsMap (Jan 12, 2018, 4:23:00 PM)
[2018.01.12-14.23.00:992][774]LogPlayLevel: Creating play world package: /Game/Maps/UEDPIE_0_TestsMap
[2018.01.12-14.23.01:003][774]LogPlayLevel: PIE: StaticDuplicateObject took: (0.010927s)
[2018.01.12-14.23.01:006][774]LogAIModule: Creating AISystem for world TestsMap
[2018.01.12-14.23.01:009][774]LogPlayLevel: PIE: World Init took: (0.005683s)
[2018.01.12-14.23.01:010][774]LogPlayLevel: PIE: Created PIE world by copying editor world from /Game/Maps/TestsMap.TestsMap to /Game/Maps/UEDPIE_0_TestsMap.TestsMap (0.018214s)
[2018.01.12-14.23.01:116][774]LogInit: XAudio2 using 'Haut-parleurs (Realtek High Definition Audio)' : 2 channels at 48 kHz using 32 bits per sample (channel mask 0x3)
[2018.01.12-14.23.01:182][774]LogInit: FAudioDevice initialized.
[2018.01.12-14.23.01:257][774]LogLoad: Game class is 'AoGameMode_C'
[2018.01.12-14.23.01:260][774]LogWorld: Bringing World /Game/Maps/UEDPIE_0_TestsMap.TestsMap up for play (max tick rate 60) at 2018.01.12-15.23.01
[2018.01.12-14.23.01:272][774]LogWorld: Bringing up level for play took: 0.013800
[2018.01.12-14.23.01:280][774]PIE: Play in editor start time for /Game/Maps/UEDPIE_0_TestsMap 1.077
[2018.01.12-14.23.03:298][818]LogEditorViewport: Clicking on Actor (LMB): PaperTileMapActor (TemplateTileMap)
[2018.01.12-14.23.13:109][ 22]LogTemp: Repeating last play command: New Editor Window (PIE)
[2018.01.12-14.23.13:136][ 22]LogPlayLevel: PlayLevel: No blueprints needed recompiling
[2018.01.12-14.23.13:137][ 22]PIE: New page: PIE session: TestsMap (Jan 12, 2018, 4:23:13 PM)
[2018.01.12-14.23.13:137][ 22]LogPlayLevel: Creating play world package: /Game/Maps/UEDPIE_0_TestsMap
[2018.01.12-14.23.13:139][ 22]LogPlayLevel: PIE: StaticDuplicateObject took: (0.002317s)
[2018.01.12-14.23.13:140][ 22]LogAIModule: Creating AISystem for world TestsMap
[2018.01.12-14.23.13:140][ 22]LogPlayLevel: PIE: World Init took: (0.000938s)
[2018.01.12-14.23.13:140][ 22]LogPlayLevel: PIE: Created PIE world by copying editor world from /Game/Maps/TestsMap.TestsMap to /Game/Maps/UEDPIE_0_TestsMap.TestsMap (0.003708s)
[2018.01.12-14.23.13:167][ 22]LogInit: XAudio2 using 'Haut-parleurs (Realtek High Definition Audio)' : 2 channels at 48 kHz using 32 bits per sample (channel mask 0x3)
[2018.01.12-14.23.13:184][ 22]LogInit: FAudioDevice initialized.
[2018.01.12-14.23.13:236][ 22]LogLoad: Game class is 'AoGameMode_C'
[2018.01.12-14.23.13:238][ 22]LogWorld: Bringing World /Game/Maps/UEDPIE_0_TestsMap.TestsMap up for play (max tick rate 60) at 2018.01.12-15.23.13
[2018.01.12-14.23.13:239][ 22]LogWorld: Bringing up level for play took: 0.001759
[2018.01.12-14.23.13:249][ 22]PIE: Play in editor start time for /Game/Maps/UEDPIE_0_TestsMap 1.047
[2018.01.12-14.23.16:863][110]LogEditorViewport: Clicking on Actor (LMB): PaperTileMapActor (TemplateTileMap)
[2018.01.12-14.23.20:914][225]LogTemp: Repeating last play command: New Editor Window (PIE)
[2018.01.12-14.23.20:999][225]LogPlayLevel: PlayLevel: No blueprints needed recompiling
[2018.01.12-14.23.21:000][225]PIE: New page: PIE session: TestsMap (Jan 12, 2018, 4:23:21 PM)
[2018.01.12-14.23.21:001][225]LogPlayLevel: Creating play world package: /Game/Maps/UEDPIE_0_TestsMap
[2018.01.12-14.23.21:009][225]LogPlayLevel: PIE: StaticDuplicateObject took: (0.007694s)
[2018.01.12-14.23.21:011][225]LogAIModule: Creating AISystem for world TestsMap
[2018.01.12-14.23.21:011][225]LogPlayLevel: PIE: World Init took: (0.002699s)
[2018.01.12-14.23.21:012][225]LogPlayLevel: PIE: Created PIE world by copying editor world from /Game/Maps/TestsMap.TestsMap to /Game/Maps/UEDPIE_0_TestsMap.TestsMap (0.011339s)
[2018.01.12-14.23.21:103][225]LogInit: XAudio2 using 'Haut-parleurs (Realtek High Definition Audio)' : 2 channels at 48 kHz using 32 bits per sample (channel mask 0x3)
[2018.01.12-14.23.21:159][225]LogInit: FAudioDevice initialized.
[2018.01.12-14.23.21:287][225]LogLoad: Game class is 'AoGameMode_C'
[2018.01.12-14.23.21:294][225]LogWorld: Bringing World /Game/Maps/UEDPIE_0_TestsMap.TestsMap up for play (max tick rate 60) at 2018.01.12-15.23.21
[2018.01.12-14.23.21:295][225]LogWorld: Bringing up level for play took: 0.005600
[2018.01.12-14.23.21:317][225]PIE: Play in editor start time for /Game/Maps/UEDPIE_0_TestsMap 1.114
[2018.01.12-14.23.24:320][286]LogEditorViewport: Clicking on Actor (LMB): PaperTileMapActor (TemplateTileMap)
[2018.01.12-14.23.27:100][367]LogTemp: Repeating last play command: New Editor Window (PIE)
[2018.01.12-14.23.27:185][367]LogPlayLevel: PlayLevel: No blueprints needed recompiling
[2018.01.12-14.23.27:186][367]PIE: New page: PIE session: TestsMap (Jan 12, 2018, 4:23:27 PM)
[2018.01.12-14.23.27:186][367]LogPlayLevel: Creating play world package: /Game/Maps/UEDPIE_0_TestsMap
[2018.01.12-14.23.27:193][367]LogPlayLevel: PIE: StaticDuplicateObject took: (0.006518s)
[2018.01.12-14.23.27:195][367]LogAIModule: Creating AISystem for world TestsMap
[2018.01.12-14.23.27:196][367]LogPlayLevel: PIE: World Init took: (0.002959s)
[2018.01.12-14.23.27:197][367]LogPlayLevel: PIE: Created PIE world by copying editor world from /Game/Maps/TestsMap.TestsMap to /Game/Maps/UEDPIE_0_TestsMap.TestsMap (0.010541s)
[2018.01.12-14.23.27:313][367]LogInit: XAudio2 using 'Haut-parleurs (Realtek High Definition Audio)' : 2 channels at 48 kHz using 32 bits per sample (channel mask 0x3)
[2018.01.12-14.23.27:379][367]LogInit: FAudioDevice initialized.
[2018.01.12-14.23.27:460][367]LogLoad: Game class is 'AoGameMode_C'
[2018.01.12-14.23.27:462][367]LogWorld: Bringing World /Game/Maps/UEDPIE_0_TestsMap.TestsMap up for play (max tick rate 60) at 2018.01.12-15.23.27
[2018.01.12-14.23.27:462][367]LogWorld: Bringing up level for play took: 0.001707
[2018.01.12-14.23.27:469][367]PIE: Play in editor start time for /Game/Maps/UEDPIE_0_TestsMap 1.267
[2018.01.12-14.23.37:903][678]LogTemp: Repeating last play command: New Editor Window (PIE)
[2018.01.12-14.23.37:986][678]LogPlayLevel: PlayLevel: No blueprints needed recompiling
[2018.01.12-14.23.37:987][678]PIE: New page: PIE session: TestsMap (Jan 12, 2018, 4:23:37 PM)
[2018.01.12-14.23.37:987][678]LogPlayLevel: Creating play world package: /Game/Maps/UEDPIE_0_TestsMap
[2018.01.12-14.23.37:992][678]LogPlayLevel: PIE: StaticDuplicateObject took: (0.005151s)
[2018.01.12-14.23.37:994][678]LogAIModule: Creating AISystem for world TestsMap
[2018.01.12-14.23.37:995][678]LogPlayLevel: PIE: World Init took: (0.002226s)
[2018.01.12-14.23.37:995][678]LogPlayLevel: PIE: Created PIE world by copying editor world from /Game/Maps/TestsMap.TestsMap to /Game/Maps/UEDPIE_0_TestsMap.TestsMap (0.008288s)
[2018.01.12-14.23.38:092][678]LogInit: XAudio2 using 'Haut-parleurs (Realtek High Definition Audio)' : 2 channels at 48 kHz using 32 bits per sample (channel mask 0x3)
[2018.01.12-14.23.38:145][678]LogInit: FAudioDevice initialized.
[2018.01.12-14.23.38:259][678]LogLoad: Game class is 'AoGameMode_C'
[2018.01.12-14.23.38:265][678]LogWorld: Bringing World /Game/Maps/UEDPIE_0_TestsMap.TestsMap up for play (max tick rate 60) at 2018.01.12-15.23.38
[2018.01.12-14.23.38:266][678]LogWorld: Bringing up level for play took: 0.004554
[2018.01.12-14.23.38:290][678]PIE: Play in editor start time for /Game/Maps/UEDPIE_0_TestsMap 0.088
[2018.01.12-14.32.36:524][646]LogSavePackage: Save=157.24ms
[2018.01.12-14.32.36:525][646]LogSavePackage: Moving '../../../../../../Users/Thomas Lamson/Documents/Unreal Projects/Ao/Saved/TestsMap_Auto26DA2517744E95729334566AE3E8B16D5.tmp' to '../../../../../../Users/Thomas Lamson/Documents/Unreal Projects/Ao/Saved/Autosaves/Game/Maps/TestsMap_Auto2.umap'
[2018.01.12-14.32.36:533][646]LogSavePackage: Display: Finished SavePackage ../../../../../../Users/Thomas Lamson/Documents/Unreal Projects/Ao/Saved/Autosaves/Game/Maps/TestsMap_Auto2.umap
[2018.01.12-14.32.36:542][646]LogFileHelpers: Editor autosave (incl. sublevels) for '/Game/Maps/TestsMap' took 0.343
[2018.01.12-14.32.36:542][646]LogFileHelpers: Editor autosave (incl. sublevels) for all levels took 0.343
[2018.01.12-14.42.37:350][210]LogFileHelpers: Editor autosave (incl. sublevels) for '/Game/Maps/TestsMap' took 0.122
[2018.01.12-14.42.37:359][210]OBJ SavePackage: Generating thumbnails for [0] asset(s) in package [/Game/Sprites/Test/TemplateTileMap] ([1] browsable assets)...
[2018.01.12-14.42.37:360][210]OBJ SavePackage: Finished generating thumbnails for package [/Game/Sprites/Test/TemplateTileMap]
[2018.01.12-14.42.37:507][210]LogSavePackage: Save=100.14ms
[2018.01.12-14.42.37:508][210]LogSavePackage: Moving '../../../../../../Users/Thomas Lamson/Documents/Unreal Projects/Ao/Saved/TemplateTileMap_Auto305B0D8F44E804DD3C1CC659D81919127.tmp' to '../../../../../../Users/Thomas Lamson/Documents/Unreal Projects/Ao/Saved/Autosaves/Game/Sprites/Test/TemplateTileMap_Auto3.uasset'
[2018.01.12-14.42.37:520][210]LogSavePackage: Display: Finished SavePackage ../../../../../../Users/Thomas Lamson/Documents/Unreal Projects/Ao/Saved/Autosaves/Game/Sprites/Test/TemplateTileMap_Auto3.uasset
[2018.01.12-14.42.37:520][210]LogFileHelpers: Auto-saving content packages took 0.166
[2018.01.12-14.42.47:990][407]LogEditorFactories: Performing atomic reimport of [C:/Users/Thomas Lamson/Documents/Unreal Projects/Ao/Resources/Test/TemplateTileset.png]
[2018.01.12-14.42.47:991][407]LogFactory: FactoryCreateFile: Texture2D with ReimportTextureFactory (0 0 C:/Users/Thomas Lamson/Documents/Unreal Projects/Ao/Resources/Test/TemplateTileset.png)
[2018.01.12-14.42.48:011][407]LogTexture: Display: Building textures: TemplateTileset (AutoDXT, 48X32)
[2018.01.12-14.42.48:031][407]LogEditorFactories: -- imported successfully
[2018.01.12-14.44.57:929][619]Cmd: TRANSACTION UNDO
[2018.01.12-14.44.57:929][619]LogEditorTransaction: Undo Tile Painting
[2018.01.12-14.44.59:104][646]Cmd: TRANSACTION UNDO
[2018.01.12-14.44.59:104][646]LogEditorTransaction: Undo Tile Painting
[2018.01.12-14.44.59:592][656]Cmd: TRANSACTION UNDO
[2018.01.12-14.44.59:592][656]LogEditorTransaction: Undo Tile Painting
[2018.01.12-14.44.59:983][664]Cmd: TRANSACTION UNDO
[2018.01.12-14.44.59:984][664]LogEditorTransaction: Undo Tile Painting
[2018.01.12-14.45.00:347][671]Cmd: TRANSACTION UNDO
[2018.01.12-14.45.00:347][671]LogEditorTransaction: Undo Tile Painting
[2018.01.12-14.45.00:697][678]Cmd: TRANSACTION UNDO
[2018.01.12-14.45.00:697][678]LogEditorTransaction: Undo Tile Painting
[2018.01.12-14.45.01:682][700]Cmd: TRANSACTION UNDO
[2018.01.12-14.45.01:682][700]LogEditorTransaction: Undo Tile Painting
[2018.01.12-14.45.39:379][667]Cmd: TRANSACTION UNDO
[2018.01.12-14.45.39:380][667]LogEditorTransaction: Undo Tile Painting
[2018.01.12-14.46.20:781][811]Cmd: TRANSACTION UNDO
[2018.01.12-14.46.20:781][811]LogEditorTransaction: Undo Tile Painting
[2018.01.12-14.46.25:076][916]Cmd: TRANSACTION UNDO
[2018.01.12-14.46.25:077][916]LogEditorTransaction: Undo Tile Painting
[2018.01.12-14.46.33:330][119]Cmd: OBJ SAVEPACKAGE PACKAGE="/Game/Sprites/Test/TemplateTileMap" FILE="../../../../../../Users/Thomas Lamson/Documents/Unreal Projects/Ao/Content/Sprites/Test/TemplateTileMap.uasset" SILENT=true
[2018.01.12-14.46.33:411][119]LogSavePackage: Save=63.12ms
[2018.01.12-14.46.33:411][119]LogSavePackage: Moving '../../../../../../Users/Thomas Lamson/Documents/Unreal Projects/Ao/Saved/TemplateTileMap5F58BC214B3A8CA4C1670BACFB4595ED.tmp' to '../../../../../../Users/Thomas Lamson/Documents/Unreal Projects/Ao/Content/Sprites/Test/TemplateTileMap.uasset'
[2018.01.12-14.46.33:426][119]LogSavePackage: Display: Finished SavePackage ../../../../../../Users/Thomas Lamson/Documents/Unreal Projects/Ao/Content/Sprites/Test/TemplateTileMap.uasset
[2018.01.12-14.46.35:061][165]LogTemp: Repeating last play command: New Editor Window (PIE)
[2018.01.12-14.46.35:173][165]LogPlayLevel: PlayLevel: No blueprints needed recompiling
[2018.01.12-14.46.35:174][165]PIE: New page: PIE session: TestsMap (Jan 12, 2018, 4:46:35 PM)
[2018.01.12-14.46.35:174][165]LogPlayLevel: Creating play world package: /Game/Maps/UEDPIE_0_TestsMap
[2018.01.12-14.46.35:181][165]LogPlayLevel: PIE: StaticDuplicateObject took: (0.005964s)
[2018.01.12-14.46.35:183][165]LogAIModule: Creating AISystem for world TestsMap
[2018.01.12-14.46.35:184][165]LogPlayLevel: PIE: World Init took: (0.003099s)
[2018.01.12-14.46.35:185][165]LogPlayLevel: PIE: Created PIE world by copying editor world from /Game/Maps/TestsMap.TestsMap to /Game/Maps/UEDPIE_0_TestsMap.TestsMap (0.010194s)
[2018.01.12-14.46.35:274][165]LogInit: XAudio2 using 'Haut-parleurs (Realtek High Definition Audio)' : 2 channels at 48 kHz using 32 bits per sample (channel mask 0x3)
[2018.01.12-14.46.35:327][165]LogInit: FAudioDevice initialized.
[2018.01.12-14.46.35:433][165]LogLoad: Game class is 'AoGameMode_C'
[2018.01.12-14.46.35:439][165]LogWorld: Bringing World /Game/Maps/UEDPIE_0_TestsMap.TestsMap up for play (max tick rate 60) at 2018.01.12-15.46.35
[2018.01.12-14.46.35:441][165]LogWorld: Bringing up level for play took: 0.005077
[2018.01.12-14.46.35:462][165]PIE: Play in editor start time for /Game/Maps/UEDPIE_0_TestsMap 1.259
[2018.01.12-14.47.21:074][300]Cmd: OBJ SAVEPACKAGE PACKAGE="/Game/Sprites/Test/TemplateTileMap" FILE="../../../../../../Users/Thomas Lamson/Documents/Unreal Projects/Ao/Content/Sprites/Test/TemplateTileMap.uasset" SILENT=true
[2018.01.12-14.47.21:135][300]LogSavePackage: Save=42.16ms
[2018.01.12-14.47.21:136][300]LogSavePackage: Moving '../../../../../../Users/Thomas Lamson/Documents/Unreal Projects/Ao/Saved/TemplateTileMap6F49F60744FEB07509A1458018639045.tmp' to '../../../../../../Users/Thomas Lamson/Documents/Unreal Projects/Ao/Content/Sprites/Test/TemplateTileMap.uasset'
[2018.01.12-14.47.21:154][300]LogSavePackage: Display: Finished SavePackage ../../../../../../Users/Thomas Lamson/Documents/Unreal Projects/Ao/Content/Sprites/Test/TemplateTileMap.uasset
[2018.01.12-14.47.22:511][334]LogTemp: Repeating last play command: New Editor Window (PIE)
[2018.01.12-14.47.22:574][334]LogPlayLevel: PlayLevel: No blueprints needed recompiling
[2018.01.12-14.47.22:575][334]PIE: New page: PIE session: TestsMap (Jan 12, 2018, 4:47:22 PM)
[2018.01.12-14.47.22:575][334]LogPlayLevel: Creating play world package: /Game/Maps/UEDPIE_0_TestsMap
[2018.01.12-14.47.22:579][334]LogPlayLevel: PIE: StaticDuplicateObject took: (0.003956s)
[2018.01.12-14.47.22:581][334]LogAIModule: Creating AISystem for world TestsMap
[2018.01.12-14.47.22:581][334]LogPlayLevel: PIE: World Init took: (0.001810s)
[2018.01.12-14.47.22:582][334]LogPlayLevel: PIE: Created PIE world by copying editor world from /Game/Maps/TestsMap.TestsMap to /Game/Maps/UEDPIE_0_TestsMap.TestsMap (0.006442s)
[2018.01.12-14.47.22:644][334]LogInit: XAudio2 using 'Haut-parleurs (Realtek High Definition Audio)' : 2 channels at 48 kHz using 32 bits per sample (channel mask 0x3)
[2018.01.12-14.47.22:687][334]LogInit: FAudioDevice initialized.
[2018.01.12-14.47.22:785][334]LogLoad: Game class is 'AoGameMode_C'
[2018.01.12-14.47.22:790][334]LogWorld: Bringing World /Game/Maps/UEDPIE_0_TestsMap.TestsMap up for play (max tick rate 60) at 2018.01.12-15.47.22
[2018.01.12-14.47.22:791][334]LogWorld: Bringing up level for play took: 0.003885
[2018.01.12-14.47.22:810][334]PIE: Play in editor start time for /Game/Maps/UEDPIE_0_TestsMap 0.608
[2018.01.12-14.54.08:108][355]LogEditorViewport: Clicking on Actor (LMB): PaperTileMapActor (TemplateTileMap)
[2018.01.12-14.54.12:587][471]LogTemp: Repeating last play command: New Editor Window (PIE)
[2018.01.12-14.54.12:751][471]LogPlayLevel: PlayLevel: No blueprints needed recompiling
[2018.01.12-14.54.12:752][471]PIE: New page: PIE session: TestsMap (Jan 12, 2018, 4:54:12 PM)
[2018.01.12-14.54.12:752][471]LogPlayLevel: Creating play world package: /Game/Maps/UEDPIE_0_TestsMap
[2018.01.12-14.54.12:761][471]LogPlayLevel: PIE: StaticDuplicateObject took: (0.008177s)
[2018.01.12-14.54.12:763][471]LogAIModule: Creating AISystem for world TestsMap
[2018.01.12-14.54.12:766][471]LogPlayLevel: PIE: World Init took: (0.005084s)
[2018.01.12-14.54.12:767][471]LogPlayLevel: PIE: Created PIE world by copying editor world from /Game/Maps/TestsMap.TestsMap to /Game/Maps/UEDPIE_0_TestsMap.TestsMap (0.014777s)
[2018.01.12-14.54.12:867][471]LogInit: XAudio2 using 'Haut-parleurs (Realtek High Definition Audio)' : 2 channels at 48 kHz using 32 bits per sample (channel mask 0x3)
[2018.01.12-14.54.12:916][471]LogInit: FAudioDevice initialized.
[2018.01.12-14.54.13:003][471]LogLoad: Game class is 'AoGameMode_C'
[2018.01.12-14.54.13:008][471]LogWorld: Bringing World /Game/Maps/UEDPIE_0_TestsMap.TestsMap up for play (max tick rate 60) at 2018.01.12-15.54.13
[2018.01.12-14.54.13:009][471]LogWorld: Bringing up level for play took: 0.004407
[2018.01.12-14.54.13:030][471]PIE: Play in editor start time for /Game/Maps/UEDPIE_0_TestsMap 0.828
[2018.01.12-14.54.15:969][528]LogEditorViewport: Clicking on Actor (LMB): PaperTileMapActor (TemplateTileMap)
[2018.01.12-14.54.18:435][589]LogTemp: Repeating last play command: New Editor Window (PIE)
[2018.01.12-14.54.18:539][589]LogPlayLevel: PlayLevel: No blueprints needed recompiling
[2018.01.12-14.54.18:540][589]PIE: New page: PIE session: TestsMap (Jan 12, 2018, 4:54:18 PM)
[2018.01.12-14.54.18:540][589]LogPlayLevel: Creating play world package: /Game/Maps/UEDPIE_0_TestsMap
[2018.01.12-14.54.18:547][589]LogPlayLevel: PIE: StaticDuplicateObject took: (0.006844s)
[2018.01.12-14.54.18:549][589]LogAIModule: Creating AISystem for world TestsMap
[2018.01.12-14.54.18:551][589]LogPlayLevel: PIE: World Init took: (0.004091s)
[2018.01.12-14.54.18:552][589]LogPlayLevel: PIE: Created PIE world by copying editor world from /Game/Maps/TestsMap.TestsMap to /Game/Maps/UEDPIE_0_TestsMap.TestsMap (0.012433s)
[2018.01.12-14.54.18:642][589]LogInit: XAudio2 using 'Haut-parleurs (Realtek High Definition Audio)' : 2 channels at 48 kHz using 32 bits per sample (channel mask 0x3)
[2018.01.12-14.54.18:697][589]LogInit: FAudioDevice initialized.
[2018.01.12-14.54.18:802][589]LogLoad: Game class is 'AoGameMode_C'
[2018.01.12-14.54.18:807][589]LogWorld: Bringing World /Game/Maps/UEDPIE_0_TestsMap.TestsMap up for play (max tick rate 60) at 2018.01.12-15.54.18
[2018.01.12-14.54.18:808][589]LogWorld: Bringing up level for play took: 0.004212
[2018.01.12-14.54.18:834][589]PIE: Play in editor start time for /Game/Maps/UEDPIE_0_TestsMap 0.631
[2018.01.12-14.54.25:683][732]Cmd: OBJ SAVEPACKAGE PACKAGE="/Game/Maps/TestsMap" FILE="../../../../../../Users/Thomas Lamson/Documents/Unreal Projects/Ao/Content/Maps/TestsMap.umap" SILENT=true AUTOSAVING=false KEEPDIRTY=false
[2018.01.12-14.54.25:902][732]LogSavePackage: Save=124.04ms
[2018.01.12-14.54.25:902][732]LogSavePackage: Moving '../../../../../../Users/Thomas Lamson/Documents/Unreal Projects/Ao/Saved/TestsMap4C920F6A4E861B479363C9967B177563.tmp' to '../../../../../../Users/Thomas Lamson/Documents/Unreal Projects/Ao/Content/Maps/TestsMap.umap'
[2018.01.12-14.54.25:953][732]LogSavePackage: Display: Finished SavePackage ../../../../../../Users/Thomas Lamson/Documents/Unreal Projects/Ao/Content/Maps/TestsMap.umap
[2018.01.12-14.54.26:129][732]Cmd: OBJ SAVEPACKAGE PACKAGE="/Game/Maps/TestsMap_BuiltData" FILE="../../../../../../Users/Thomas Lamson/Documents/Unreal Projects/Ao/Content/Maps/TestsMap_BuiltData.uasset" SILENT=true
[2018.01.12-14.54.26:252][732]LogSavePackage: Save=87.03ms
[2018.01.12-14.54.26:252][732]LogSavePackage: Moving '../../../../../../Users/Thomas Lamson/Documents/Unreal Projects/Ao/Saved/TestsMap_BuiltData5050A23A4725369474A41499425DD27A.tmp' to '../../../../../../Users/Thomas Lamson/Documents/Unreal Projects/Ao/Content/Maps/TestsMap_BuiltData.uasset'
[2018.01.12-14.54.26:259][732]LogSavePackage: Display: Finished SavePackage ../../../../../../Users/Thomas Lamson/Documents/Unreal Projects/Ao/Content/Maps/TestsMap_BuiltData.uasset
